[2019-03-18 20:09:48,815] multiqc                                            [DEBUG  ]  No MultiQC config found: /anaconda2/lib/python2.7/site-packages/multiqc_config.yaml
[2019-03-18 20:09:48,815] multiqc                                            [DEBUG  ]  No MultiQC config found: /Users/tomer/.multiqc_config.yaml
[2019-03-18 20:09:48,815] multiqc                                            [DEBUG  ]  No MultiQC config found: multiqc_config.yaml
[2019-03-18 20:09:48,815] multiqc                                            [DEBUG  ]  Command used: /anaconda2/bin/multiqc .
[2019-03-18 20:09:49,486] multiqc                                            [DEBUG  ]  Latest MultiQC version is v1.7
[2019-03-18 20:09:49,486] multiqc                                            [INFO   ]  This is MultiQC v1.7
[2019-03-18 20:09:49,486] multiqc                                            [DEBUG  ]  Command     : /anaconda2/bin/multiqc .
[2019-03-18 20:09:49,486] multiqc                                            [DEBUG  ]  Working dir : /Users/tomer/Google Drive/PhD/Courses/Analysis of Next Generation Sequencing Data/Project/results
[2019-03-18 20:09:49,487] multiqc                                            [INFO   ]  Template    : default
[2019-03-18 20:09:49,487] multiqc                                            [INFO   ]  Searching '.'
[2019-03-18 20:09:49,487] multiqc                                            [DEBUG  ]  Analysing modules: custom_content, conpair, peddy, methylQA, phantompeakqualtools, qualimap, preseq, quast, qorts, rna_seqc, rsem, rseqc, busco, goleft_indexcov, disambiguate, supernova, deeptools, sargasso, verifybamid, mirtrace, happy, homer, macs2, theta2, snpeff, gatk, htseq, bcftools, featureCounts, dedup, damageprofiler, picard, prokka, samblaster, samtools, bamtools, jellyfish, vcftools, longranger, stacks, bbmap, bismark, biscuit, hicexplorer, hicup, hicpro, salmon, kallisto, slamdunk, star, hisat2, tophat, bowtie2, bowtie1, kat, leehom, adapterRemoval, clipandmerge, cutadapt, flexbar, trimmomatic, skewer, sortmerna, biobloomtools, fastq_screen, afterqc, fastp, fastqc, minionqc, clusterflow, bcl2fastq, interop, flash
[2019-03-18 20:09:49,488] multiqc                                            [DEBUG  ]  Using temporary directory for creating report: /var/folders/rg/4_yk2klj4nl5yysc2cwmjscw0000gn/T/tmpLWZjip
[2019-03-18 20:09:49,561] multiqc                                            [DEBUG  ]  Ignoring file as matched an ignore pattern: .DS_Store
[2019-03-18 20:09:49,561] multiqc                                            [DEBUG  ]  Ignoring file as matched an ignore pattern: .DS_Store
[2019-03-18 20:09:49,561] multiqc                                            [DEBUG  ]  Ignoring file as matched an ignore pattern: SRR659649_1_fastqc.html
[2019-03-18 20:09:49,562] multiqc                                            [DEBUG  ]  Ignoring file as matched an ignore pattern: SRR659649_2_fastqc.html
[2019-03-18 20:09:49,578] multiqc                                            [DEBUG  ]  Ignoring file as matched an ignore pattern: fastqc_report.html
[2019-03-18 20:09:49,673] multiqc                                            [DEBUG  ]  Ignoring file as matched an ignore pattern: fastqc_report.html
[2019-03-18 20:09:49,757] multiqc                                            [DEBUG  ]  Ignoring file as matched an ignore pattern: SRR807971_1_fastqc.html
[2019-03-18 20:09:49,757] multiqc                                            [DEBUG  ]  Ignoring file as matched an ignore pattern: SRR807971_2_fastqc.html
[2019-03-18 20:09:49,770] multiqc                                            [DEBUG  ]  Ignoring file as matched an ignore pattern: fastqc_report.html
[2019-03-18 20:09:49,869] multiqc                                            [DEBUG  ]  Ignoring file as matched an ignore pattern: fastqc_report.html
[2019-03-18 20:09:50,411] multiqc                                            [DEBUG  ]  No samples found: custom_content
[2019-03-18 20:09:50,415] multiqc                                            [DEBUG  ]  No samples found: conpair
[2019-03-18 20:09:50,419] multiqc                                            [DEBUG  ]  No samples found: peddy
[2019-03-18 20:09:50,423] multiqc                                            [DEBUG  ]  No samples found: methylQA
[2019-03-18 20:09:50,427] multiqc                                            [DEBUG  ]  No samples found: phantompeakqualtools
[2019-03-18 20:09:50,432] multiqc                                            [DEBUG  ]  No samples found: qualimap
[2019-03-18 20:09:50,436] multiqc                                            [DEBUG  ]  No samples found: preseq
[2019-03-18 20:09:50,440] multiqc                                            [DEBUG  ]  No samples found: quast
[2019-03-18 20:09:50,444] multiqc                                            [DEBUG  ]  No samples found: qorts
[2019-03-18 20:09:50,448] multiqc                                            [DEBUG  ]  No samples found: rna_seqc
[2019-03-18 20:09:50,452] multiqc                                            [DEBUG  ]  No samples found: rsem
[2019-03-18 20:09:50,458] multiqc                                            [DEBUG  ]  No samples found: rseqc
[2019-03-18 20:09:50,463] multiqc                                            [DEBUG  ]  No samples found: busco
[2019-03-18 20:09:50,467] multiqc                                            [DEBUG  ]  No samples found: goleft_indexcov
[2019-03-18 20:09:50,471] multiqc                                            [DEBUG  ]  No samples found: disambiguate
[2019-03-18 20:09:50,496] multiqc                                            [DEBUG  ]  No samples found: supernova
[2019-03-18 20:09:50,502] multiqc                                            [DEBUG  ]  No samples found: deeptools
[2019-03-18 20:09:50,506] multiqc                                            [DEBUG  ]  No samples found: sargasso
[2019-03-18 20:09:50,510] multiqc                                            [DEBUG  ]  No samples found: verifybamid
[2019-03-18 20:09:50,514] multiqc                                            [DEBUG  ]  No samples found: mirtrace
[2019-03-18 20:09:50,518] multiqc                                            [DEBUG  ]  No samples found: happy
[2019-03-18 20:09:50,523] multiqc                                            [DEBUG  ]  No samples found: homer
[2019-03-18 20:09:50,527] multiqc                                            [DEBUG  ]  No samples found: macs2
[2019-03-18 20:09:50,531] multiqc                                            [DEBUG  ]  No samples found: theta2
[2019-03-18 20:09:50,535] multiqc                                            [DEBUG  ]  No samples found: snpeff
[2019-03-18 20:09:50,540] multiqc                                            [DEBUG  ]  No samples found: gatk
[2019-03-18 20:09:50,544] multiqc                                            [DEBUG  ]  No samples found: htseq
[2019-03-18 20:09:50,548] multiqc                                            [DEBUG  ]  No samples found: bcftools
[2019-03-18 20:09:50,552] multiqc                                            [DEBUG  ]  No samples found: featureCounts
[2019-03-18 20:09:50,556] multiqc                                            [DEBUG  ]  No samples found: dedup
[2019-03-18 20:09:50,560] multiqc                                            [DEBUG  ]  No samples found: damageprofiler
[2019-03-18 20:09:50,567] multiqc                                            [DEBUG  ]  No samples found: picard
[2019-03-18 20:09:50,571] multiqc                                            [DEBUG  ]  No samples found: prokka
[2019-03-18 20:09:50,575] multiqc                                            [DEBUG  ]  No samples found: samblaster
[2019-03-18 20:09:50,580] multiqc                                            [DEBUG  ]  No samples found: samtools
[2019-03-18 20:09:50,584] multiqc                                            [DEBUG  ]  No samples found: bamtools
[2019-03-18 20:09:50,587] multiqc                                            [DEBUG  ]  No samples found: jellyfish
[2019-03-18 20:09:50,592] multiqc                                            [DEBUG  ]  No samples found: vcftools
[2019-03-18 20:09:50,596] multiqc                                            [DEBUG  ]  No samples found: longranger
[2019-03-18 20:09:50,601] multiqc                                            [DEBUG  ]  No samples found: stacks
[2019-03-18 20:09:50,607] multiqc                                            [DEBUG  ]  No samples found: bbmap
[2019-03-18 20:09:50,611] multiqc                                            [DEBUG  ]  No samples found: bismark
[2019-03-18 20:09:50,615] multiqc                                            [DEBUG  ]  No samples found: biscuit
[2019-03-18 20:09:50,620] multiqc                                            [DEBUG  ]  No samples found: hicexplorer
[2019-03-18 20:09:50,624] multiqc                                            [DEBUG  ]  No samples found: hicup
[2019-03-18 20:09:50,628] multiqc                                            [DEBUG  ]  No samples found: hicpro
[2019-03-18 20:09:50,632] multiqc                                            [DEBUG  ]  No samples found: salmon
[2019-03-18 20:09:50,636] multiqc                                            [DEBUG  ]  No samples found: kallisto
[2019-03-18 20:09:50,640] multiqc                                            [DEBUG  ]  No samples found: slamdunk
[2019-03-18 20:09:50,644] multiqc                                            [DEBUG  ]  No samples found: star
[2019-03-18 20:09:50,648] multiqc                                            [DEBUG  ]  No samples found: hisat2
[2019-03-18 20:09:50,652] multiqc                                            [DEBUG  ]  No samples found: tophat
[2019-03-18 20:09:50,656] multiqc                                            [DEBUG  ]  No samples found: bowtie2
[2019-03-18 20:09:50,660] multiqc                                            [DEBUG  ]  No samples found: bowtie1
[2019-03-18 20:09:50,664] multiqc                                            [DEBUG  ]  No samples found: kat
[2019-03-18 20:09:50,668] multiqc                                            [DEBUG  ]  No samples found: leehom
[2019-03-18 20:09:50,672] multiqc                                            [DEBUG  ]  No samples found: adapterRemoval
[2019-03-18 20:09:50,676] multiqc                                            [DEBUG  ]  No samples found: clipandmerge
[2019-03-18 20:09:50,680] multiqc                                            [DEBUG  ]  No samples found: cutadapt
[2019-03-18 20:09:50,684] multiqc                                            [DEBUG  ]  No samples found: flexbar
[2019-03-18 20:09:50,688] multiqc                                            [DEBUG  ]  No samples found: trimmomatic
[2019-03-18 20:09:50,692] multiqc                                            [DEBUG  ]  No samples found: skewer
[2019-03-18 20:09:50,696] multiqc                                            [DEBUG  ]  No samples found: sortmerna
[2019-03-18 20:09:50,700] multiqc                                            [DEBUG  ]  No samples found: biobloomtools
[2019-03-18 20:09:50,704] multiqc                                            [DEBUG  ]  No samples found: fastq_screen
[2019-03-18 20:09:50,708] multiqc                                            [DEBUG  ]  No samples found: afterqc
[2019-03-18 20:09:50,712] multiqc                                            [DEBUG  ]  No samples found: fastp
[2019-03-18 20:09:50,746] multiqc.modules.fastqc.fastqc                      [INFO   ]  Found 4 reports
[2019-03-18 20:09:51,088] multiqc                                            [DEBUG  ]  No samples found: minionqc
[2019-03-18 20:09:51,092] multiqc                                            [DEBUG  ]  No samples found: clusterflow
[2019-03-18 20:09:51,096] multiqc                                            [DEBUG  ]  No samples found: bcl2fastq
[2019-03-18 20:09:51,100] multiqc                                            [DEBUG  ]  No samples found: interop
[2019-03-18 20:09:51,104] multiqc                                            [DEBUG  ]  No samples found: flash
[2019-03-18 20:09:51,112] multiqc                                            [INFO   ]  Compressing plot data
[2019-03-18 20:09:51,381] multiqc                                            [INFO   ]  Report      : multiqc_report.html
[2019-03-18 20:09:51,382] multiqc                                            [INFO   ]  Data        : multiqc_data
[2019-03-18 20:09:51,382] multiqc                                            [DEBUG  ]  Moving data file from '/var/folders/rg/4_yk2klj4nl5yysc2cwmjscw0000gn/T/tmpLWZjip/multiqc_data/multiqc_fastqc.txt' to '/Users/tomer/Google Drive/PhD/Courses/Analysis of Next Generation Sequencing Data/Project/results/multiqc_data'
[2019-03-18 20:09:51,382] multiqc                                            [DEBUG  ]  Moving data file from '/var/folders/rg/4_yk2klj4nl5yysc2cwmjscw0000gn/T/tmpLWZjip/multiqc_data/multiqc_general_stats.txt' to '/Users/tomer/Google Drive/PhD/Courses/Analysis of Next Generation Sequencing Data/Project/results/multiqc_data'
[2019-03-18 20:09:51,383] multiqc                                            [DEBUG  ]  Moving data file from '/var/folders/rg/4_yk2klj4nl5yysc2cwmjscw0000gn/T/tmpLWZjip/multiqc_data/multiqc_sources.txt' to '/Users/tomer/Google Drive/PhD/Courses/Analysis of Next Generation Sequencing Data/Project/results/multiqc_data'
[2019-03-18 20:09:51,383] multiqc                                            [DEBUG  ]  Moving data file from '/var/folders/rg/4_yk2klj4nl5yysc2cwmjscw0000gn/T/tmpLWZjip/multiqc_data/multiqc_data.json' to '/Users/tomer/Google Drive/PhD/Courses/Analysis of Next Generation Sequencing Data/Project/results/multiqc_data'
[2019-03-18 20:09:51,534] multiqc                                            [INFO   ]  MultiQC complete
