[2019-04-09 22:20:15,795] multiqc                                            [DEBUG  ]  No MultiQC config found: /anaconda2/lib/python3.7/site-packages/multiqc_config.yaml
[2019-04-09 22:20:15,795] multiqc                                            [DEBUG  ]  No MultiQC config found: /Users/tomer/.multiqc_config.yaml
[2019-04-09 22:20:15,795] multiqc                                            [DEBUG  ]  No MultiQC config found: multiqc_config.yaml
[2019-04-09 22:20:15,795] multiqc                                            [DEBUG  ]  Command used: /anaconda2/bin/multiqc ./Project/results/bladder/SRR1071717/fastqc_original/SRR1071717_1_fastqc ./Project/results/bladder/SRR1071717/fastqc_original/SRR1071717_1_fastqc.html ./Project/results/bladder/SRR1071717/fastqc_original/SRR1071717_2_fastqc ./Project/results/bladder/SRR1071717/fastqc_original/SRR1071717_2_fastqc.html ./Project/results/bladder/SRR1079830/fastqc_original/SRR1079830_1_fastqc ./Project/results/bladder/SRR1079830/fastqc_original/SRR1079830_1_fastqc.html ./Project/results/bladder/SRR1079830/fastqc_original/SRR1079830_2_fastqc ./Project/results/bladder/SRR1079830/fastqc_original/SRR1079830_2_fastqc.html ./Project/results/bladder/SRR1085402/fastqc_original/SRR1085402_1_fastqc ./Project/results/bladder/SRR1085402/fastqc_original/SRR1085402_1_fastqc.html ./Project/results/bladder/SRR1085402/fastqc_original/SRR1085402_2_fastqc ./Project/results/bladder/SRR1085402/fastqc_original/SRR1085402_2_fastqc.html ./Project/results/bladder/SRR1086236/fastqc_original/SRR1086236_1_fastqc ./Project/results/bladder/SRR1086236/fastqc_original/SRR1086236_1_fastqc.html ./Project/results/bladder/SRR1086236/fastqc_original/SRR1086236_2_fastqc ./Project/results/bladder/SRR1086236/fastqc_original/SRR1086236_2_fastqc.html ./Project/results/bladder/SRR1120296/fastqc_original/SRR1120296_1_fastqc ./Project/results/bladder/SRR1120296/fastqc_original/SRR1120296_1_fastqc.html ./Project/results/bladder/SRR1120296/fastqc_original/SRR1120296_2_fastqc ./Project/results/bladder/SRR1120296/fastqc_original/SRR1120296_2_fastqc.html ./Project/results/blood/SRR613723/fastqc_original/SRR613723_1_fastqc ./Project/results/blood/SRR613723/fastqc_original/SRR613723_1_fastqc.html ./Project/results/blood/SRR613723/fastqc_original/SRR613723_2_fastqc ./Project/results/blood/SRR613723/fastqc_original/SRR613723_2_fastqc.html ./Project/results/blood/SRR614059/fastqc_original/SRR614059_1_fastqc ./Project/results/blood/SRR614059/fastqc_original/SRR614059_1_fastqc.html ./Project/results/blood/SRR614059/fastqc_original/SRR614059_2_fastqc ./Project/results/blood/SRR614059/fastqc_original/SRR614059_2_fastqc.html ./Project/results/blood/SRR614131/fastqc_original/SRR614131_1_fastqc ./Project/results/blood/SRR614131/fastqc_original/SRR614131_1_fastqc.html ./Project/results/blood/SRR614131/fastqc_original/SRR614131_2_fastqc ./Project/results/blood/SRR614131/fastqc_original/SRR614131_2_fastqc.html ./Project/results/blood/SRR614167/fastqc_original/SRR614167_1_fastqc ./Project/results/blood/SRR614167/fastqc_original/SRR614167_1_fastqc.html ./Project/results/blood/SRR614167/fastqc_original/SRR614167_2_fastqc ./Project/results/blood/SRR614167/fastqc_original/SRR614167_2_fastqc.html ./Project/results/blood/SRR615177/fastqc_original/SRR615177_1_fastqc ./Project/results/blood/SRR615177/fastqc_original/SRR615177_1_fastqc.html ./Project/results/blood/SRR615177/fastqc_original/SRR615177_2_fastqc ./Project/results/blood/SRR615177/fastqc_original/SRR615177_2_fastqc.html ./Project/results/brain/SRR595926/fastqc_original/SRR595926_1_fastqc ./Project/results/brain/SRR595926/fastqc_original/SRR595926_1_fastqc.html ./Project/results/brain/SRR595926/fastqc_original/SRR595926_2_fastqc ./Project/results/brain/SRR595926/fastqc_original/SRR595926_2_fastqc.html ./Project/results/brain/SRR598253/fastqc_original/SRR598253_1_fastqc ./Project/results/brain/SRR598253/fastqc_original/SRR598253_1_fastqc.html ./Project/results/brain/SRR598253/fastqc_original/SRR598253_2_fastqc ./Project/results/brain/SRR598253/fastqc_original/SRR598253_2_fastqc.html ./Project/results/brain/SRR603397/fastqc_original/SRR603397_1_fastqc ./Project/results/brain/SRR603397/fastqc_original/SRR603397_1_fastqc.html ./Project/results/brain/SRR603397/fastqc_original/SRR603397_2_fastqc ./Project/results/brain/SRR603397/fastqc_original/SRR603397_2_fastqc.html ./Project/results/brain/SRR627449/fastqc_original/SRR627449_1_fastqc ./Project/results/brain/SRR627449/fastqc_original/SRR627449_1_fastqc.html ./Project/results/brain/SRR627449/fastqc_original/SRR627449_2_fastqc ./Project/results/brain/SRR627449/fastqc_original/SRR627449_2_fastqc.html ./Project/results/brain/SRR627462/fastqc_original/SRR627462_1_fastqc ./Project/results/brain/SRR627462/fastqc_original/SRR627462_1_fastqc.html ./Project/results/brain/SRR627462/fastqc_original/SRR627462_2_fastqc ./Project/results/brain/SRR627462/fastqc_original/SRR627462_2_fastqc.html ./Project/results/liver/SRR1093861/fastqc_original/SRR1093861_1_fastqc ./Project/results/liver/SRR1093861/fastqc_original/SRR1093861_1_fastqc.html ./Project/results/liver/SRR1093861/fastqc_original/SRR1093861_2_fastqc ./Project/results/liver/SRR1093861/fastqc_original/SRR1093861_2_fastqc.html ./Project/results/liver/SRR1095383/fastqc_original/SRR1095383_1_fastqc ./Project/results/liver/SRR1095383/fastqc_original/SRR1095383_1_fastqc.html ./Project/results/liver/SRR1095383/fastqc_original/SRR1095383_2_fastqc ./Project/results/liver/SRR1095383/fastqc_original/SRR1095383_2_fastqc.html ./Project/results/liver/SRR659649/fastqc_original/SRR659649_1_fastqc ./Project/results/liver/SRR659649/fastqc_original/SRR659649_1_fastqc.html ./Project/results/liver/SRR659649/fastqc_original/SRR659649_2_fastqc ./Project/results/liver/SRR659649/fastqc_original/SRR659649_2_fastqc.html ./Project/results/liver/SRR807971/fastqc_original/SRR807971_1_fastqc ./Project/results/liver/SRR807971/fastqc_original/SRR807971_1_fastqc.html ./Project/results/liver/SRR807971/fastqc_original/SRR807971_2_fastqc ./Project/results/liver/SRR807971/fastqc_original/SRR807971_2_fastqc.html ./Project/results/liver/SRR815711/fastqc_original/SRR815711_1_fastqc ./Project/results/liver/SRR815711/fastqc_original/SRR815711_1_fastqc.html ./Project/results/liver/SRR815711/fastqc_original/SRR815711_2_fastqc ./Project/results/liver/SRR815711/fastqc_original/SRR815711_2_fastqc.html ./Project/results/lung/SRR600417/fastqc_original/SRR600417_1_fastqc ./Project/results/lung/SRR600417/fastqc_original/SRR600417_1_fastqc.html ./Project/results/lung/SRR600417/fastqc_original/SRR600417_2_fastqc ./Project/results/lung/SRR600417/fastqc_original/SRR600417_2_fastqc.html ./Project/results/lung/SRR600584/fastqc_original/SRR600584_1_fastqc ./Project/results/lung/SRR600584/fastqc_original/SRR600584_1_fastqc.html ./Project/results/lung/SRR600584/fastqc_original/SRR600584_2_fastqc ./Project/results/lung/SRR600584/fastqc_original/SRR600584_2_fastqc.html ./Project/results/lung/SRR600900/fastqc_original/SRR600900_1_fastqc ./Project/results/lung/SRR600900/fastqc_original/SRR600900_1_fastqc.html ./Project/results/lung/SRR600900/fastqc_original/SRR600900_2_fastqc ./Project/results/lung/SRR600900/fastqc_original/SRR600900_2_fastqc.html ./Project/results/lung/SRR601900/fastqc_original/SRR601900_1_fastqc ./Project/results/lung/SRR601900/fastqc_original/SRR601900_1_fastqc.html ./Project/results/lung/SRR601900/fastqc_original/SRR601900_2_fastqc ./Project/results/lung/SRR601900/fastqc_original/SRR601900_2_fastqc.html ./Project/results/lung/SRR665217/fastqc_original/SRR665217_1_fastqc ./Project/results/lung/SRR665217/fastqc_original/SRR665217_1_fastqc.html ./Project/results/lung/SRR665217/fastqc_original/SRR665217_2_fastqc ./Project/results/lung/SRR665217/fastqc_original/SRR665217_2_fastqc.html ./Project/results/thyroid/SRR655277/fastqc_original/SRR655277_1_fastqc ./Project/results/thyroid/SRR655277/fastqc_original/SRR655277_1_fastqc.html ./Project/results/thyroid/SRR655277/fastqc_original/SRR655277_2_fastqc ./Project/results/thyroid/SRR655277/fastqc_original/SRR655277_2_fastqc.html ./Project/results/thyroid/SRR656191/fastqc_original/SRR656191_1_fastqc ./Project/results/thyroid/SRR656191/fastqc_original/SRR656191_1_fastqc.html ./Project/results/thyroid/SRR656191/fastqc_original/SRR656191_2_fastqc ./Project/results/thyroid/SRR656191/fastqc_original/SRR656191_2_fastqc.html ./Project/results/thyroid/SRR656469/fastqc_original/SRR656469_1_fastqc ./Project/results/thyroid/SRR656469/fastqc_original/SRR656469_1_fastqc.html ./Project/results/thyroid/SRR656469/fastqc_original/SRR656469_2_fastqc ./Project/results/thyroid/SRR656469/fastqc_original/SRR656469_2_fastqc.html -o ./Project/results/combined/FastQC - Original/
[2019-04-09 22:20:16,397] multiqc                                            [DEBUG  ]  Latest MultiQC version is v1.7
[2019-04-09 22:20:16,397] multiqc                                            [INFO   ]  This is MultiQC v1.7
[2019-04-09 22:20:16,397] multiqc                                            [DEBUG  ]  Command     : /anaconda2/bin/multiqc ./Project/results/bladder/SRR1071717/fastqc_original/SRR1071717_1_fastqc ./Project/results/bladder/SRR1071717/fastqc_original/SRR1071717_1_fastqc.html ./Project/results/bladder/SRR1071717/fastqc_original/SRR1071717_2_fastqc ./Project/results/bladder/SRR1071717/fastqc_original/SRR1071717_2_fastqc.html ./Project/results/bladder/SRR1079830/fastqc_original/SRR1079830_1_fastqc ./Project/results/bladder/SRR1079830/fastqc_original/SRR1079830_1_fastqc.html ./Project/results/bladder/SRR1079830/fastqc_original/SRR1079830_2_fastqc ./Project/results/bladder/SRR1079830/fastqc_original/SRR1079830_2_fastqc.html ./Project/results/bladder/SRR1085402/fastqc_original/SRR1085402_1_fastqc ./Project/results/bladder/SRR1085402/fastqc_original/SRR1085402_1_fastqc.html ./Project/results/bladder/SRR1085402/fastqc_original/SRR1085402_2_fastqc ./Project/results/bladder/SRR1085402/fastqc_original/SRR1085402_2_fastqc.html ./Project/results/bladder/SRR1086236/fastqc_original/SRR1086236_1_fastqc ./Project/results/bladder/SRR1086236/fastqc_original/SRR1086236_1_fastqc.html ./Project/results/bladder/SRR1086236/fastqc_original/SRR1086236_2_fastqc ./Project/results/bladder/SRR1086236/fastqc_original/SRR1086236_2_fastqc.html ./Project/results/bladder/SRR1120296/fastqc_original/SRR1120296_1_fastqc ./Project/results/bladder/SRR1120296/fastqc_original/SRR1120296_1_fastqc.html ./Project/results/bladder/SRR1120296/fastqc_original/SRR1120296_2_fastqc ./Project/results/bladder/SRR1120296/fastqc_original/SRR1120296_2_fastqc.html ./Project/results/blood/SRR613723/fastqc_original/SRR613723_1_fastqc ./Project/results/blood/SRR613723/fastqc_original/SRR613723_1_fastqc.html ./Project/results/blood/SRR613723/fastqc_original/SRR613723_2_fastqc ./Project/results/blood/SRR613723/fastqc_original/SRR613723_2_fastqc.html ./Project/results/blood/SRR614059/fastqc_original/SRR614059_1_fastqc ./Project/results/blood/SRR614059/fastqc_original/SRR614059_1_fastqc.html ./Project/results/blood/SRR614059/fastqc_original/SRR614059_2_fastqc ./Project/results/blood/SRR614059/fastqc_original/SRR614059_2_fastqc.html ./Project/results/blood/SRR614131/fastqc_original/SRR614131_1_fastqc ./Project/results/blood/SRR614131/fastqc_original/SRR614131_1_fastqc.html ./Project/results/blood/SRR614131/fastqc_original/SRR614131_2_fastqc ./Project/results/blood/SRR614131/fastqc_original/SRR614131_2_fastqc.html ./Project/results/blood/SRR614167/fastqc_original/SRR614167_1_fastqc ./Project/results/blood/SRR614167/fastqc_original/SRR614167_1_fastqc.html ./Project/results/blood/SRR614167/fastqc_original/SRR614167_2_fastqc ./Project/results/blood/SRR614167/fastqc_original/SRR614167_2_fastqc.html ./Project/results/blood/SRR615177/fastqc_original/SRR615177_1_fastqc ./Project/results/blood/SRR615177/fastqc_original/SRR615177_1_fastqc.html ./Project/results/blood/SRR615177/fastqc_original/SRR615177_2_fastqc ./Project/results/blood/SRR615177/fastqc_original/SRR615177_2_fastqc.html ./Project/results/brain/SRR595926/fastqc_original/SRR595926_1_fastqc ./Project/results/brain/SRR595926/fastqc_original/SRR595926_1_fastqc.html ./Project/results/brain/SRR595926/fastqc_original/SRR595926_2_fastqc ./Project/results/brain/SRR595926/fastqc_original/SRR595926_2_fastqc.html ./Project/results/brain/SRR598253/fastqc_original/SRR598253_1_fastqc ./Project/results/brain/SRR598253/fastqc_original/SRR598253_1_fastqc.html ./Project/results/brain/SRR598253/fastqc_original/SRR598253_2_fastqc ./Project/results/brain/SRR598253/fastqc_original/SRR598253_2_fastqc.html ./Project/results/brain/SRR603397/fastqc_original/SRR603397_1_fastqc ./Project/results/brain/SRR603397/fastqc_original/SRR603397_1_fastqc.html ./Project/results/brain/SRR603397/fastqc_original/SRR603397_2_fastqc ./Project/results/brain/SRR603397/fastqc_original/SRR603397_2_fastqc.html ./Project/results/brain/SRR627449/fastqc_original/SRR627449_1_fastqc ./Project/results/brain/SRR627449/fastqc_original/SRR627449_1_fastqc.html ./Project/results/brain/SRR627449/fastqc_original/SRR627449_2_fastqc ./Project/results/brain/SRR627449/fastqc_original/SRR627449_2_fastqc.html ./Project/results/brain/SRR627462/fastqc_original/SRR627462_1_fastqc ./Project/results/brain/SRR627462/fastqc_original/SRR627462_1_fastqc.html ./Project/results/brain/SRR627462/fastqc_original/SRR627462_2_fastqc ./Project/results/brain/SRR627462/fastqc_original/SRR627462_2_fastqc.html ./Project/results/liver/SRR1093861/fastqc_original/SRR1093861_1_fastqc ./Project/results/liver/SRR1093861/fastqc_original/SRR1093861_1_fastqc.html ./Project/results/liver/SRR1093861/fastqc_original/SRR1093861_2_fastqc ./Project/results/liver/SRR1093861/fastqc_original/SRR1093861_2_fastqc.html ./Project/results/liver/SRR1095383/fastqc_original/SRR1095383_1_fastqc ./Project/results/liver/SRR1095383/fastqc_original/SRR1095383_1_fastqc.html ./Project/results/liver/SRR1095383/fastqc_original/SRR1095383_2_fastqc ./Project/results/liver/SRR1095383/fastqc_original/SRR1095383_2_fastqc.html ./Project/results/liver/SRR659649/fastqc_original/SRR659649_1_fastqc ./Project/results/liver/SRR659649/fastqc_original/SRR659649_1_fastqc.html ./Project/results/liver/SRR659649/fastqc_original/SRR659649_2_fastqc ./Project/results/liver/SRR659649/fastqc_original/SRR659649_2_fastqc.html ./Project/results/liver/SRR807971/fastqc_original/SRR807971_1_fastqc ./Project/results/liver/SRR807971/fastqc_original/SRR807971_1_fastqc.html ./Project/results/liver/SRR807971/fastqc_original/SRR807971_2_fastqc ./Project/results/liver/SRR807971/fastqc_original/SRR807971_2_fastqc.html ./Project/results/liver/SRR815711/fastqc_original/SRR815711_1_fastqc ./Project/results/liver/SRR815711/fastqc_original/SRR815711_1_fastqc.html ./Project/results/liver/SRR815711/fastqc_original/SRR815711_2_fastqc ./Project/results/liver/SRR815711/fastqc_original/SRR815711_2_fastqc.html ./Project/results/lung/SRR600417/fastqc_original/SRR600417_1_fastqc ./Project/results/lung/SRR600417/fastqc_original/SRR600417_1_fastqc.html ./Project/results/lung/SRR600417/fastqc_original/SRR600417_2_fastqc ./Project/results/lung/SRR600417/fastqc_original/SRR600417_2_fastqc.html ./Project/results/lung/SRR600584/fastqc_original/SRR600584_1_fastqc ./Project/results/lung/SRR600584/fastqc_original/SRR600584_1_fastqc.html ./Project/results/lung/SRR600584/fastqc_original/SRR600584_2_fastqc ./Project/results/lung/SRR600584/fastqc_original/SRR600584_2_fastqc.html ./Project/results/lung/SRR600900/fastqc_original/SRR600900_1_fastqc ./Project/results/lung/SRR600900/fastqc_original/SRR600900_1_fastqc.html ./Project/results/lung/SRR600900/fastqc_original/SRR600900_2_fastqc ./Project/results/lung/SRR600900/fastqc_original/SRR600900_2_fastqc.html ./Project/results/lung/SRR601900/fastqc_original/SRR601900_1_fastqc ./Project/results/lung/SRR601900/fastqc_original/SRR601900_1_fastqc.html ./Project/results/lung/SRR601900/fastqc_original/SRR601900_2_fastqc ./Project/results/lung/SRR601900/fastqc_original/SRR601900_2_fastqc.html ./Project/results/lung/SRR665217/fastqc_original/SRR665217_1_fastqc ./Project/results/lung/SRR665217/fastqc_original/SRR665217_1_fastqc.html ./Project/results/lung/SRR665217/fastqc_original/SRR665217_2_fastqc ./Project/results/lung/SRR665217/fastqc_original/SRR665217_2_fastqc.html ./Project/results/thyroid/SRR655277/fastqc_original/SRR655277_1_fastqc ./Project/results/thyroid/SRR655277/fastqc_original/SRR655277_1_fastqc.html ./Project/results/thyroid/SRR655277/fastqc_original/SRR655277_2_fastqc ./Project/results/thyroid/SRR655277/fastqc_original/SRR655277_2_fastqc.html ./Project/results/thyroid/SRR656191/fastqc_original/SRR656191_1_fastqc ./Project/results/thyroid/SRR656191/fastqc_original/SRR656191_1_fastqc.html ./Project/results/thyroid/SRR656191/fastqc_original/SRR656191_2_fastqc ./Project/results/thyroid/SRR656191/fastqc_original/SRR656191_2_fastqc.html ./Project/results/thyroid/SRR656469/fastqc_original/SRR656469_1_fastqc ./Project/results/thyroid/SRR656469/fastqc_original/SRR656469_1_fastqc.html ./Project/results/thyroid/SRR656469/fastqc_original/SRR656469_2_fastqc ./Project/results/thyroid/SRR656469/fastqc_original/SRR656469_2_fastqc.html -o ./Project/results/combined/FastQC - Original/
[2019-04-09 22:20:16,397] multiqc                                            [DEBUG  ]  Working dir : /Users/tomer/Google Drive/PhD/Courses/Analysis of Next Generation Sequencing Data
[2019-04-09 22:20:16,397] multiqc                                            [INFO   ]  Template    : default
[2019-04-09 22:20:16,397] multiqc                                            [INFO   ]  Searching './Project/results/bladder/SRR1071717/fastqc_original/SRR1071717_1_fastqc'
[2019-04-09 22:20:16,397] multiqc                                            [INFO   ]  Searching './Project/results/bladder/SRR1071717/fastqc_original/SRR1071717_1_fastqc.html'
[2019-04-09 22:20:16,397] multiqc                                            [INFO   ]  Searching './Project/results/bladder/SRR1071717/fastqc_original/SRR1071717_2_fastqc'
[2019-04-09 22:20:16,398] multiqc                                            [INFO   ]  Searching './Project/results/bladder/SRR1071717/fastqc_original/SRR1071717_2_fastqc.html'
[2019-04-09 22:20:16,398] multiqc                                            [INFO   ]  Searching './Project/results/bladder/SRR1079830/fastqc_original/SRR1079830_1_fastqc'
[2019-04-09 22:20:16,398] multiqc                                            [INFO   ]  Searching './Project/results/bladder/SRR1079830/fastqc_original/SRR1079830_1_fastqc.html'
[2019-04-09 22:20:16,398] multiqc                                            [INFO   ]  Searching './Project/results/bladder/SRR1079830/fastqc_original/SRR1079830_2_fastqc'
[2019-04-09 22:20:16,398] multiqc                                            [INFO   ]  Searching './Project/results/bladder/SRR1079830/fastqc_original/SRR1079830_2_fastqc.html'
[2019-04-09 22:20:16,398] multiqc                                            [INFO   ]  Searching './Project/results/bladder/SRR1085402/fastqc_original/SRR1085402_1_fastqc'
[2019-04-09 22:20:16,398] multiqc                                            [INFO   ]  Searching './Project/results/bladder/SRR1085402/fastqc_original/SRR1085402_1_fastqc.html'
[2019-04-09 22:20:16,398] multiqc                                            [INFO   ]  Searching './Project/results/bladder/SRR1085402/fastqc_original/SRR1085402_2_fastqc'
[2019-04-09 22:20:16,398] multiqc                                            [INFO   ]  Searching './Project/results/bladder/SRR1085402/fastqc_original/SRR1085402_2_fastqc.html'
[2019-04-09 22:20:16,398] multiqc                                            [INFO   ]  Searching './Project/results/bladder/SRR1086236/fastqc_original/SRR1086236_1_fastqc'
[2019-04-09 22:20:16,398] multiqc                                            [INFO   ]  Searching './Project/results/bladder/SRR1086236/fastqc_original/SRR1086236_1_fastqc.html'
[2019-04-09 22:20:16,399] multiqc                                            [INFO   ]  Searching './Project/results/bladder/SRR1086236/fastqc_original/SRR1086236_2_fastqc'
[2019-04-09 22:20:16,399] multiqc                                            [INFO   ]  Searching './Project/results/bladder/SRR1086236/fastqc_original/SRR1086236_2_fastqc.html'
[2019-04-09 22:20:16,399] multiqc                                            [INFO   ]  Searching './Project/results/bladder/SRR1120296/fastqc_original/SRR1120296_1_fastqc'
[2019-04-09 22:20:16,399] multiqc                                            [INFO   ]  Searching './Project/results/bladder/SRR1120296/fastqc_original/SRR1120296_1_fastqc.html'
[2019-04-09 22:20:16,399] multiqc                                            [INFO   ]  Searching './Project/results/bladder/SRR1120296/fastqc_original/SRR1120296_2_fastqc'
[2019-04-09 22:20:16,399] multiqc                                            [INFO   ]  Searching './Project/results/bladder/SRR1120296/fastqc_original/SRR1120296_2_fastqc.html'
[2019-04-09 22:20:16,399] multiqc                                            [INFO   ]  Searching './Project/results/blood/SRR613723/fastqc_original/SRR613723_1_fastqc'
[2019-04-09 22:20:16,399] multiqc                                            [INFO   ]  Searching './Project/results/blood/SRR613723/fastqc_original/SRR613723_1_fastqc.html'
[2019-04-09 22:20:16,399] multiqc                                            [INFO   ]  Searching './Project/results/blood/SRR613723/fastqc_original/SRR613723_2_fastqc'
[2019-04-09 22:20:16,399] multiqc                                            [INFO   ]  Searching './Project/results/blood/SRR613723/fastqc_original/SRR613723_2_fastqc.html'
[2019-04-09 22:20:16,399] multiqc                                            [INFO   ]  Searching './Project/results/blood/SRR614059/fastqc_original/SRR614059_1_fastqc'
[2019-04-09 22:20:16,399] multiqc                                            [INFO   ]  Searching './Project/results/blood/SRR614059/fastqc_original/SRR614059_1_fastqc.html'
[2019-04-09 22:20:16,399] multiqc                                            [INFO   ]  Searching './Project/results/blood/SRR614059/fastqc_original/SRR614059_2_fastqc'
[2019-04-09 22:20:16,399] multiqc                                            [INFO   ]  Searching './Project/results/blood/SRR614059/fastqc_original/SRR614059_2_fastqc.html'
[2019-04-09 22:20:16,400] multiqc                                            [INFO   ]  Searching './Project/results/blood/SRR614131/fastqc_original/SRR614131_1_fastqc'
[2019-04-09 22:20:16,400] multiqc                                            [INFO   ]  Searching './Project/results/blood/SRR614131/fastqc_original/SRR614131_1_fastqc.html'
[2019-04-09 22:20:16,400] multiqc                                            [INFO   ]  Searching './Project/results/blood/SRR614131/fastqc_original/SRR614131_2_fastqc'
[2019-04-09 22:20:16,400] multiqc                                            [INFO   ]  Searching './Project/results/blood/SRR614131/fastqc_original/SRR614131_2_fastqc.html'
[2019-04-09 22:20:16,400] multiqc                                            [INFO   ]  Searching './Project/results/blood/SRR614167/fastqc_original/SRR614167_1_fastqc'
[2019-04-09 22:20:16,400] multiqc                                            [INFO   ]  Searching './Project/results/blood/SRR614167/fastqc_original/SRR614167_1_fastqc.html'
[2019-04-09 22:20:16,400] multiqc                                            [INFO   ]  Searching './Project/results/blood/SRR614167/fastqc_original/SRR614167_2_fastqc'
[2019-04-09 22:20:16,400] multiqc                                            [INFO   ]  Searching './Project/results/blood/SRR614167/fastqc_original/SRR614167_2_fastqc.html'
[2019-04-09 22:20:16,400] multiqc                                            [INFO   ]  Searching './Project/results/blood/SRR615177/fastqc_original/SRR615177_1_fastqc'
[2019-04-09 22:20:16,400] multiqc                                            [INFO   ]  Searching './Project/results/blood/SRR615177/fastqc_original/SRR615177_1_fastqc.html'
[2019-04-09 22:20:16,400] multiqc                                            [INFO   ]  Searching './Project/results/blood/SRR615177/fastqc_original/SRR615177_2_fastqc'
[2019-04-09 22:20:16,400] multiqc                                            [INFO   ]  Searching './Project/results/blood/SRR615177/fastqc_original/SRR615177_2_fastqc.html'
[2019-04-09 22:20:16,400] multiqc                                            [INFO   ]  Searching './Project/results/brain/SRR595926/fastqc_original/SRR595926_1_fastqc'
[2019-04-09 22:20:16,400] multiqc                                            [INFO   ]  Searching './Project/results/brain/SRR595926/fastqc_original/SRR595926_1_fastqc.html'
[2019-04-09 22:20:16,400] multiqc                                            [INFO   ]  Searching './Project/results/brain/SRR595926/fastqc_original/SRR595926_2_fastqc'
[2019-04-09 22:20:16,400] multiqc                                            [INFO   ]  Searching './Project/results/brain/SRR595926/fastqc_original/SRR595926_2_fastqc.html'
[2019-04-09 22:20:16,401] multiqc                                            [INFO   ]  Searching './Project/results/brain/SRR598253/fastqc_original/SRR598253_1_fastqc'
[2019-04-09 22:20:16,401] multiqc                                            [INFO   ]  Searching './Project/results/brain/SRR598253/fastqc_original/SRR598253_1_fastqc.html'
[2019-04-09 22:20:16,401] multiqc                                            [INFO   ]  Searching './Project/results/brain/SRR598253/fastqc_original/SRR598253_2_fastqc'
[2019-04-09 22:20:16,401] multiqc                                            [INFO   ]  Searching './Project/results/brain/SRR598253/fastqc_original/SRR598253_2_fastqc.html'
[2019-04-09 22:20:16,401] multiqc                                            [INFO   ]  Searching './Project/results/brain/SRR603397/fastqc_original/SRR603397_1_fastqc'
[2019-04-09 22:20:16,401] multiqc                                            [INFO   ]  Searching './Project/results/brain/SRR603397/fastqc_original/SRR603397_1_fastqc.html'
[2019-04-09 22:20:16,401] multiqc                                            [INFO   ]  Searching './Project/results/brain/SRR603397/fastqc_original/SRR603397_2_fastqc'
[2019-04-09 22:20:16,401] multiqc                                            [INFO   ]  Searching './Project/results/brain/SRR603397/fastqc_original/SRR603397_2_fastqc.html'
[2019-04-09 22:20:16,401] multiqc                                            [INFO   ]  Searching './Project/results/brain/SRR627449/fastqc_original/SRR627449_1_fastqc'
[2019-04-09 22:20:16,401] multiqc                                            [INFO   ]  Searching './Project/results/brain/SRR627449/fastqc_original/SRR627449_1_fastqc.html'
[2019-04-09 22:20:16,401] multiqc                                            [INFO   ]  Searching './Project/results/brain/SRR627449/fastqc_original/SRR627449_2_fastqc'
[2019-04-09 22:20:16,401] multiqc                                            [INFO   ]  Searching './Project/results/brain/SRR627449/fastqc_original/SRR627449_2_fastqc.html'
[2019-04-09 22:20:16,401] multiqc                                            [INFO   ]  Searching './Project/results/brain/SRR627462/fastqc_original/SRR627462_1_fastqc'
[2019-04-09 22:20:16,401] multiqc                                            [INFO   ]  Searching './Project/results/brain/SRR627462/fastqc_original/SRR627462_1_fastqc.html'
[2019-04-09 22:20:16,401] multiqc                                            [INFO   ]  Searching './Project/results/brain/SRR627462/fastqc_original/SRR627462_2_fastqc'
[2019-04-09 22:20:16,401] multiqc                                            [INFO   ]  Searching './Project/results/brain/SRR627462/fastqc_original/SRR627462_2_fastqc.html'
[2019-04-09 22:20:16,401] multiqc                                            [INFO   ]  Searching './Project/results/liver/SRR1093861/fastqc_original/SRR1093861_1_fastqc'
[2019-04-09 22:20:16,401] multiqc                                            [INFO   ]  Searching './Project/results/liver/SRR1093861/fastqc_original/SRR1093861_1_fastqc.html'
[2019-04-09 22:20:16,401] multiqc                                            [INFO   ]  Searching './Project/results/liver/SRR1093861/fastqc_original/SRR1093861_2_fastqc'
[2019-04-09 22:20:16,401] multiqc                                            [INFO   ]  Searching './Project/results/liver/SRR1093861/fastqc_original/SRR1093861_2_fastqc.html'
[2019-04-09 22:20:16,402] multiqc                                            [INFO   ]  Searching './Project/results/liver/SRR1095383/fastqc_original/SRR1095383_1_fastqc'
[2019-04-09 22:20:16,402] multiqc                                            [INFO   ]  Searching './Project/results/liver/SRR1095383/fastqc_original/SRR1095383_1_fastqc.html'
[2019-04-09 22:20:16,402] multiqc                                            [INFO   ]  Searching './Project/results/liver/SRR1095383/fastqc_original/SRR1095383_2_fastqc'
[2019-04-09 22:20:16,402] multiqc                                            [INFO   ]  Searching './Project/results/liver/SRR1095383/fastqc_original/SRR1095383_2_fastqc.html'
[2019-04-09 22:20:16,402] multiqc                                            [INFO   ]  Searching './Project/results/liver/SRR659649/fastqc_original/SRR659649_1_fastqc'
[2019-04-09 22:20:16,402] multiqc                                            [INFO   ]  Searching './Project/results/liver/SRR659649/fastqc_original/SRR659649_1_fastqc.html'
[2019-04-09 22:20:16,402] multiqc                                            [INFO   ]  Searching './Project/results/liver/SRR659649/fastqc_original/SRR659649_2_fastqc'
[2019-04-09 22:20:16,402] multiqc                                            [INFO   ]  Searching './Project/results/liver/SRR659649/fastqc_original/SRR659649_2_fastqc.html'
[2019-04-09 22:20:16,402] multiqc                                            [INFO   ]  Searching './Project/results/liver/SRR807971/fastqc_original/SRR807971_1_fastqc'
[2019-04-09 22:20:16,402] multiqc                                            [INFO   ]  Searching './Project/results/liver/SRR807971/fastqc_original/SRR807971_1_fastqc.html'
[2019-04-09 22:20:16,402] multiqc                                            [INFO   ]  Searching './Project/results/liver/SRR807971/fastqc_original/SRR807971_2_fastqc'
[2019-04-09 22:20:16,402] multiqc                                            [INFO   ]  Searching './Project/results/liver/SRR807971/fastqc_original/SRR807971_2_fastqc.html'
[2019-04-09 22:20:16,402] multiqc                                            [INFO   ]  Searching './Project/results/liver/SRR815711/fastqc_original/SRR815711_1_fastqc'
[2019-04-09 22:20:16,402] multiqc                                            [INFO   ]  Searching './Project/results/liver/SRR815711/fastqc_original/SRR815711_1_fastqc.html'
[2019-04-09 22:20:16,402] multiqc                                            [INFO   ]  Searching './Project/results/liver/SRR815711/fastqc_original/SRR815711_2_fastqc'
[2019-04-09 22:20:16,402] multiqc                                            [INFO   ]  Searching './Project/results/liver/SRR815711/fastqc_original/SRR815711_2_fastqc.html'
[2019-04-09 22:20:16,402] multiqc                                            [INFO   ]  Searching './Project/results/lung/SRR600417/fastqc_original/SRR600417_1_fastqc'
[2019-04-09 22:20:16,402] multiqc                                            [INFO   ]  Searching './Project/results/lung/SRR600417/fastqc_original/SRR600417_1_fastqc.html'
[2019-04-09 22:20:16,403] multiqc                                            [INFO   ]  Searching './Project/results/lung/SRR600417/fastqc_original/SRR600417_2_fastqc'
[2019-04-09 22:20:16,403] multiqc                                            [INFO   ]  Searching './Project/results/lung/SRR600417/fastqc_original/SRR600417_2_fastqc.html'
[2019-04-09 22:20:16,403] multiqc                                            [INFO   ]  Searching './Project/results/lung/SRR600584/fastqc_original/SRR600584_1_fastqc'
[2019-04-09 22:20:16,403] multiqc                                            [INFO   ]  Searching './Project/results/lung/SRR600584/fastqc_original/SRR600584_1_fastqc.html'
[2019-04-09 22:20:16,403] multiqc                                            [INFO   ]  Searching './Project/results/lung/SRR600584/fastqc_original/SRR600584_2_fastqc'
[2019-04-09 22:20:16,403] multiqc                                            [INFO   ]  Searching './Project/results/lung/SRR600584/fastqc_original/SRR600584_2_fastqc.html'
[2019-04-09 22:20:16,403] multiqc                                            [INFO   ]  Searching './Project/results/lung/SRR600900/fastqc_original/SRR600900_1_fastqc'
[2019-04-09 22:20:16,403] multiqc                                            [INFO   ]  Searching './Project/results/lung/SRR600900/fastqc_original/SRR600900_1_fastqc.html'
[2019-04-09 22:20:16,403] multiqc                                            [INFO   ]  Searching './Project/results/lung/SRR600900/fastqc_original/SRR600900_2_fastqc'
[2019-04-09 22:20:16,403] multiqc                                            [INFO   ]  Searching './Project/results/lung/SRR600900/fastqc_original/SRR600900_2_fastqc.html'
[2019-04-09 22:20:16,403] multiqc                                            [INFO   ]  Searching './Project/results/lung/SRR601900/fastqc_original/SRR601900_1_fastqc'
[2019-04-09 22:20:16,403] multiqc                                            [INFO   ]  Searching './Project/results/lung/SRR601900/fastqc_original/SRR601900_1_fastqc.html'
[2019-04-09 22:20:16,403] multiqc                                            [INFO   ]  Searching './Project/results/lung/SRR601900/fastqc_original/SRR601900_2_fastqc'
[2019-04-09 22:20:16,403] multiqc                                            [INFO   ]  Searching './Project/results/lung/SRR601900/fastqc_original/SRR601900_2_fastqc.html'
[2019-04-09 22:20:16,403] multiqc                                            [INFO   ]  Searching './Project/results/lung/SRR665217/fastqc_original/SRR665217_1_fastqc'
[2019-04-09 22:20:16,403] multiqc                                            [INFO   ]  Searching './Project/results/lung/SRR665217/fastqc_original/SRR665217_1_fastqc.html'
[2019-04-09 22:20:16,403] multiqc                                            [INFO   ]  Searching './Project/results/lung/SRR665217/fastqc_original/SRR665217_2_fastqc'
[2019-04-09 22:20:16,403] multiqc                                            [INFO   ]  Searching './Project/results/lung/SRR665217/fastqc_original/SRR665217_2_fastqc.html'
[2019-04-09 22:20:16,403] multiqc                                            [INFO   ]  Searching './Project/results/thyroid/SRR655277/fastqc_original/SRR655277_1_fastqc'
[2019-04-09 22:20:16,403] multiqc                                            [INFO   ]  Searching './Project/results/thyroid/SRR655277/fastqc_original/SRR655277_1_fastqc.html'
[2019-04-09 22:20:16,404] multiqc                                            [INFO   ]  Searching './Project/results/thyroid/SRR655277/fastqc_original/SRR655277_2_fastqc'
[2019-04-09 22:20:16,404] multiqc                                            [INFO   ]  Searching './Project/results/thyroid/SRR655277/fastqc_original/SRR655277_2_fastqc.html'
[2019-04-09 22:20:16,404] multiqc                                            [INFO   ]  Searching './Project/results/thyroid/SRR656191/fastqc_original/SRR656191_1_fastqc'
[2019-04-09 22:20:16,404] multiqc                                            [INFO   ]  Searching './Project/results/thyroid/SRR656191/fastqc_original/SRR656191_1_fastqc.html'
[2019-04-09 22:20:16,404] multiqc                                            [INFO   ]  Searching './Project/results/thyroid/SRR656191/fastqc_original/SRR656191_2_fastqc'
[2019-04-09 22:20:16,404] multiqc                                            [INFO   ]  Searching './Project/results/thyroid/SRR656191/fastqc_original/SRR656191_2_fastqc.html'
[2019-04-09 22:20:16,404] multiqc                                            [INFO   ]  Searching './Project/results/thyroid/SRR656469/fastqc_original/SRR656469_1_fastqc'
[2019-04-09 22:20:16,404] multiqc                                            [INFO   ]  Searching './Project/results/thyroid/SRR656469/fastqc_original/SRR656469_1_fastqc.html'
[2019-04-09 22:20:16,404] multiqc                                            [INFO   ]  Searching './Project/results/thyroid/SRR656469/fastqc_original/SRR656469_2_fastqc'
[2019-04-09 22:20:16,404] multiqc                                            [INFO   ]  Searching './Project/results/thyroid/SRR656469/fastqc_original/SRR656469_2_fastqc.html'
[2019-04-09 22:20:16,404] multiqc                                            [DEBUG  ]  Analysing modules: custom_content, conpair, peddy, methylQA, phantompeakqualtools, qualimap, preseq, quast, qorts, rna_seqc, rsem, rseqc, busco, goleft_indexcov, disambiguate, supernova, deeptools, sargasso, verifybamid, mirtrace, happy, homer, macs2, theta2, snpeff, gatk, htseq, bcftools, featureCounts, dedup, damageprofiler, picard, prokka, samblaster, samtools, bamtools, jellyfish, vcftools, longranger, stacks, bbmap, bismark, biscuit, hicexplorer, hicup, hicpro, salmon, kallisto, slamdunk, star, hisat2, tophat, bowtie2, bowtie1, kat, leehom, adapterRemoval, clipandmerge, cutadapt, flexbar, trimmomatic, skewer, sortmerna, biobloomtools, fastq_screen, afterqc, fastp, fastqc, minionqc, clusterflow, bcl2fastq, interop, flash
[2019-04-09 22:20:16,404] multiqc                                            [DEBUG  ]  Using temporary directory for creating report: /var/folders/rg/4_yk2klj4nl5yysc2cwmjscw0000gn/T/tmpvwjuo7if
[2019-04-09 22:20:16,478] multiqc                                            [DEBUG  ]  Ignoring file as matched an ignore pattern: fastqc_report.html
[2019-04-09 22:20:16,521] multiqc                                            [DEBUG  ]  Ignoring file as matched an ignore pattern: SRR1071717_1_fastqc.html
[2019-04-09 22:20:16,521] multiqc                                            [DEBUG  ]  Ignoring file as matched an ignore pattern: fastqc_report.html
[2019-04-09 22:20:16,552] multiqc                                            [DEBUG  ]  Ignoring file as matched an ignore pattern: SRR1071717_2_fastqc.html
[2019-04-09 22:20:16,552] multiqc                                            [DEBUG  ]  Ignoring file as matched an ignore pattern: fastqc_report.html
[2019-04-09 22:20:16,583] multiqc                                            [DEBUG  ]  Ignoring file as matched an ignore pattern: SRR1079830_1_fastqc.html
[2019-04-09 22:20:16,583] multiqc                                            [DEBUG  ]  Ignoring file as matched an ignore pattern: fastqc_report.html
[2019-04-09 22:20:16,613] multiqc                                            [DEBUG  ]  Ignoring file as matched an ignore pattern: SRR1079830_2_fastqc.html
[2019-04-09 22:20:16,613] multiqc                                            [DEBUG  ]  Ignoring file as matched an ignore pattern: fastqc_report.html
[2019-04-09 22:20:16,644] multiqc                                            [DEBUG  ]  Ignoring file as matched an ignore pattern: SRR1085402_1_fastqc.html
[2019-04-09 22:20:16,645] multiqc                                            [DEBUG  ]  Ignoring file as matched an ignore pattern: fastqc_report.html
[2019-04-09 22:20:16,676] multiqc                                            [DEBUG  ]  Ignoring file as matched an ignore pattern: SRR1085402_2_fastqc.html
[2019-04-09 22:20:16,677] multiqc                                            [DEBUG  ]  Ignoring file as matched an ignore pattern: fastqc_report.html
[2019-04-09 22:20:16,708] multiqc                                            [DEBUG  ]  Ignoring file as matched an ignore pattern: SRR1086236_1_fastqc.html
[2019-04-09 22:20:16,708] multiqc                                            [DEBUG  ]  Ignoring file as matched an ignore pattern: fastqc_report.html
[2019-04-09 22:20:16,739] multiqc                                            [DEBUG  ]  Ignoring file as matched an ignore pattern: SRR1086236_2_fastqc.html
[2019-04-09 22:20:16,739] multiqc                                            [DEBUG  ]  Ignoring file as matched an ignore pattern: fastqc_report.html
[2019-04-09 22:20:16,769] multiqc                                            [DEBUG  ]  Ignoring file as matched an ignore pattern: SRR1120296_1_fastqc.html
[2019-04-09 22:20:16,769] multiqc                                            [DEBUG  ]  Ignoring file as matched an ignore pattern: fastqc_report.html
[2019-04-09 22:20:16,798] multiqc                                            [DEBUG  ]  Ignoring file as matched an ignore pattern: SRR1120296_2_fastqc.html
[2019-04-09 22:20:16,799] multiqc                                            [DEBUG  ]  Ignoring file as matched an ignore pattern: fastqc_report.html
[2019-04-09 22:20:16,829] multiqc                                            [DEBUG  ]  Ignoring file as matched an ignore pattern: SRR613723_1_fastqc.html
[2019-04-09 22:20:16,829] multiqc                                            [DEBUG  ]  Ignoring file as matched an ignore pattern: fastqc_report.html
[2019-04-09 22:20:16,858] multiqc                                            [DEBUG  ]  Ignoring file as matched an ignore pattern: SRR613723_2_fastqc.html
[2019-04-09 22:20:16,858] multiqc                                            [DEBUG  ]  Ignoring file as matched an ignore pattern: fastqc_report.html
[2019-04-09 22:20:16,888] multiqc                                            [DEBUG  ]  Ignoring file as matched an ignore pattern: SRR614059_1_fastqc.html
[2019-04-09 22:20:16,888] multiqc                                            [DEBUG  ]  Ignoring file as matched an ignore pattern: fastqc_report.html
[2019-04-09 22:20:16,918] multiqc                                            [DEBUG  ]  Ignoring file as matched an ignore pattern: SRR614059_2_fastqc.html
[2019-04-09 22:20:16,918] multiqc                                            [DEBUG  ]  Ignoring file as matched an ignore pattern: fastqc_report.html
[2019-04-09 22:20:16,949] multiqc                                            [DEBUG  ]  Ignoring file as matched an ignore pattern: SRR614131_1_fastqc.html
[2019-04-09 22:20:16,949] multiqc                                            [DEBUG  ]  Ignoring file as matched an ignore pattern: fastqc_report.html
[2019-04-09 22:20:16,980] multiqc                                            [DEBUG  ]  Ignoring file as matched an ignore pattern: SRR614131_2_fastqc.html
[2019-04-09 22:20:16,980] multiqc                                            [DEBUG  ]  Ignoring file as matched an ignore pattern: fastqc_report.html
[2019-04-09 22:20:17,011] multiqc                                            [DEBUG  ]  Ignoring file as matched an ignore pattern: SRR614167_1_fastqc.html
[2019-04-09 22:20:17,012] multiqc                                            [DEBUG  ]  Ignoring file as matched an ignore pattern: fastqc_report.html
[2019-04-09 22:20:17,041] multiqc                                            [DEBUG  ]  Ignoring file as matched an ignore pattern: SRR614167_2_fastqc.html
[2019-04-09 22:20:17,042] multiqc                                            [DEBUG  ]  Ignoring file as matched an ignore pattern: fastqc_report.html
[2019-04-09 22:20:17,074] multiqc                                            [DEBUG  ]  Ignoring file as matched an ignore pattern: SRR615177_1_fastqc.html
[2019-04-09 22:20:17,075] multiqc                                            [DEBUG  ]  Ignoring file as matched an ignore pattern: fastqc_report.html
[2019-04-09 22:20:17,105] multiqc                                            [DEBUG  ]  Ignoring file as matched an ignore pattern: SRR615177_2_fastqc.html
[2019-04-09 22:20:17,105] multiqc                                            [DEBUG  ]  Ignoring file as matched an ignore pattern: fastqc_report.html
[2019-04-09 22:20:17,138] multiqc                                            [DEBUG  ]  Ignoring file as matched an ignore pattern: SRR595926_1_fastqc.html
[2019-04-09 22:20:17,139] multiqc                                            [DEBUG  ]  Ignoring file as matched an ignore pattern: fastqc_report.html
[2019-04-09 22:20:17,169] multiqc                                            [DEBUG  ]  Ignoring file as matched an ignore pattern: SRR595926_2_fastqc.html
[2019-04-09 22:20:17,169] multiqc                                            [DEBUG  ]  Ignoring file as matched an ignore pattern: fastqc_report.html
[2019-04-09 22:20:17,202] multiqc                                            [DEBUG  ]  Ignoring file as matched an ignore pattern: SRR598253_1_fastqc.html
[2019-04-09 22:20:17,202] multiqc                                            [DEBUG  ]  Ignoring file as matched an ignore pattern: fastqc_report.html
[2019-04-09 22:20:17,233] multiqc                                            [DEBUG  ]  Ignoring file as matched an ignore pattern: SRR598253_2_fastqc.html
[2019-04-09 22:20:17,233] multiqc                                            [DEBUG  ]  Ignoring file as matched an ignore pattern: fastqc_report.html
[2019-04-09 22:20:17,263] multiqc                                            [DEBUG  ]  Ignoring file as matched an ignore pattern: SRR603397_1_fastqc.html
[2019-04-09 22:20:17,263] multiqc                                            [DEBUG  ]  Ignoring file as matched an ignore pattern: fastqc_report.html
[2019-04-09 22:20:17,294] multiqc                                            [DEBUG  ]  Ignoring file as matched an ignore pattern: SRR603397_2_fastqc.html
[2019-04-09 22:20:17,295] multiqc                                            [DEBUG  ]  Ignoring file as matched an ignore pattern: fastqc_report.html
[2019-04-09 22:20:17,325] multiqc                                            [DEBUG  ]  Ignoring file as matched an ignore pattern: SRR627449_1_fastqc.html
[2019-04-09 22:20:17,325] multiqc                                            [DEBUG  ]  Ignoring file as matched an ignore pattern: fastqc_report.html
[2019-04-09 22:20:17,356] multiqc                                            [DEBUG  ]  Ignoring file as matched an ignore pattern: SRR627449_2_fastqc.html
[2019-04-09 22:20:17,357] multiqc                                            [DEBUG  ]  Ignoring file as matched an ignore pattern: fastqc_report.html
[2019-04-09 22:20:17,387] multiqc                                            [DEBUG  ]  Ignoring file as matched an ignore pattern: SRR627462_1_fastqc.html
[2019-04-09 22:20:17,387] multiqc                                            [DEBUG  ]  Ignoring file as matched an ignore pattern: fastqc_report.html
[2019-04-09 22:20:17,417] multiqc                                            [DEBUG  ]  Ignoring file as matched an ignore pattern: SRR627462_2_fastqc.html
[2019-04-09 22:20:17,417] multiqc                                            [DEBUG  ]  Ignoring file as matched an ignore pattern: fastqc_report.html
[2019-04-09 22:20:17,448] multiqc                                            [DEBUG  ]  Ignoring file as matched an ignore pattern: SRR1093861_1_fastqc.html
[2019-04-09 22:20:17,448] multiqc                                            [DEBUG  ]  Ignoring file as matched an ignore pattern: fastqc_report.html
[2019-04-09 22:20:17,480] multiqc                                            [DEBUG  ]  Ignoring file as matched an ignore pattern: SRR1093861_2_fastqc.html
[2019-04-09 22:20:17,480] multiqc                                            [DEBUG  ]  Ignoring file as matched an ignore pattern: fastqc_report.html
[2019-04-09 22:20:17,511] multiqc                                            [DEBUG  ]  Ignoring file as matched an ignore pattern: SRR1095383_1_fastqc.html
[2019-04-09 22:20:17,512] multiqc                                            [DEBUG  ]  Ignoring file as matched an ignore pattern: fastqc_report.html
[2019-04-09 22:20:17,542] multiqc                                            [DEBUG  ]  Ignoring file as matched an ignore pattern: SRR1095383_2_fastqc.html
[2019-04-09 22:20:17,543] multiqc                                            [DEBUG  ]  Ignoring file as matched an ignore pattern: fastqc_report.html
[2019-04-09 22:20:17,574] multiqc                                            [DEBUG  ]  Ignoring file as matched an ignore pattern: SRR659649_1_fastqc.html
[2019-04-09 22:20:17,575] multiqc                                            [DEBUG  ]  Ignoring file as matched an ignore pattern: fastqc_report.html
[2019-04-09 22:20:17,606] multiqc                                            [DEBUG  ]  Ignoring file as matched an ignore pattern: SRR659649_2_fastqc.html
[2019-04-09 22:20:17,607] multiqc                                            [DEBUG  ]  Ignoring file as matched an ignore pattern: fastqc_report.html
[2019-04-09 22:20:17,638] multiqc                                            [DEBUG  ]  Ignoring file as matched an ignore pattern: SRR807971_1_fastqc.html
[2019-04-09 22:20:17,638] multiqc                                            [DEBUG  ]  Ignoring file as matched an ignore pattern: fastqc_report.html
[2019-04-09 22:20:17,669] multiqc                                            [DEBUG  ]  Ignoring file as matched an ignore pattern: SRR807971_2_fastqc.html
[2019-04-09 22:20:17,670] multiqc                                            [DEBUG  ]  Ignoring file as matched an ignore pattern: fastqc_report.html
[2019-04-09 22:20:17,701] multiqc                                            [DEBUG  ]  Ignoring file as matched an ignore pattern: SRR815711_1_fastqc.html
[2019-04-09 22:20:17,702] multiqc                                            [DEBUG  ]  Ignoring file as matched an ignore pattern: fastqc_report.html
[2019-04-09 22:20:17,732] multiqc                                            [DEBUG  ]  Ignoring file as matched an ignore pattern: SRR815711_2_fastqc.html
[2019-04-09 22:20:17,732] multiqc                                            [DEBUG  ]  Ignoring file as matched an ignore pattern: fastqc_report.html
[2019-04-09 22:20:17,764] multiqc                                            [DEBUG  ]  Ignoring file as matched an ignore pattern: SRR600417_1_fastqc.html
[2019-04-09 22:20:17,765] multiqc                                            [DEBUG  ]  Ignoring file as matched an ignore pattern: fastqc_report.html
[2019-04-09 22:20:17,796] multiqc                                            [DEBUG  ]  Ignoring file as matched an ignore pattern: SRR600417_2_fastqc.html
[2019-04-09 22:20:17,797] multiqc                                            [DEBUG  ]  Ignoring file as matched an ignore pattern: fastqc_report.html
[2019-04-09 22:20:17,828] multiqc                                            [DEBUG  ]  Ignoring file as matched an ignore pattern: SRR600584_1_fastqc.html
[2019-04-09 22:20:17,828] multiqc                                            [DEBUG  ]  Ignoring file as matched an ignore pattern: fastqc_report.html
[2019-04-09 22:20:17,860] multiqc                                            [DEBUG  ]  Ignoring file as matched an ignore pattern: SRR600584_2_fastqc.html
[2019-04-09 22:20:17,860] multiqc                                            [DEBUG  ]  Ignoring file as matched an ignore pattern: fastqc_report.html
[2019-04-09 22:20:17,891] multiqc                                            [DEBUG  ]  Ignoring file as matched an ignore pattern: SRR600900_1_fastqc.html
[2019-04-09 22:20:17,892] multiqc                                            [DEBUG  ]  Ignoring file as matched an ignore pattern: fastqc_report.html
[2019-04-09 22:20:17,922] multiqc                                            [DEBUG  ]  Ignoring file as matched an ignore pattern: SRR600900_2_fastqc.html
[2019-04-09 22:20:17,922] multiqc                                            [DEBUG  ]  Ignoring file as matched an ignore pattern: fastqc_report.html
[2019-04-09 22:20:17,952] multiqc                                            [DEBUG  ]  Ignoring file as matched an ignore pattern: SRR601900_1_fastqc.html
[2019-04-09 22:20:17,953] multiqc                                            [DEBUG  ]  Ignoring file as matched an ignore pattern: fastqc_report.html
[2019-04-09 22:20:17,982] multiqc                                            [DEBUG  ]  Ignoring file as matched an ignore pattern: SRR601900_2_fastqc.html
[2019-04-09 22:20:17,983] multiqc                                            [DEBUG  ]  Ignoring file as matched an ignore pattern: fastqc_report.html
[2019-04-09 22:20:18,013] multiqc                                            [DEBUG  ]  Ignoring file as matched an ignore pattern: SRR665217_1_fastqc.html
[2019-04-09 22:20:18,013] multiqc                                            [DEBUG  ]  Ignoring file as matched an ignore pattern: fastqc_report.html
[2019-04-09 22:20:18,045] multiqc                                            [DEBUG  ]  Ignoring file as matched an ignore pattern: SRR665217_2_fastqc.html
[2019-04-09 22:20:18,046] multiqc                                            [DEBUG  ]  Ignoring file as matched an ignore pattern: fastqc_report.html
[2019-04-09 22:20:18,078] multiqc                                            [DEBUG  ]  Ignoring file as matched an ignore pattern: SRR655277_1_fastqc.html
[2019-04-09 22:20:18,078] multiqc                                            [DEBUG  ]  Ignoring file as matched an ignore pattern: fastqc_report.html
[2019-04-09 22:20:18,109] multiqc                                            [DEBUG  ]  Ignoring file as matched an ignore pattern: SRR655277_2_fastqc.html
[2019-04-09 22:20:18,109] multiqc                                            [DEBUG  ]  Ignoring file as matched an ignore pattern: fastqc_report.html
[2019-04-09 22:20:18,141] multiqc                                            [DEBUG  ]  Ignoring file as matched an ignore pattern: SRR656191_1_fastqc.html
[2019-04-09 22:20:18,142] multiqc                                            [DEBUG  ]  Ignoring file as matched an ignore pattern: fastqc_report.html
[2019-04-09 22:20:18,172] multiqc                                            [DEBUG  ]  Ignoring file as matched an ignore pattern: SRR656191_2_fastqc.html
[2019-04-09 22:20:18,172] multiqc                                            [DEBUG  ]  Ignoring file as matched an ignore pattern: fastqc_report.html
[2019-04-09 22:20:18,202] multiqc                                            [DEBUG  ]  Ignoring file as matched an ignore pattern: SRR656469_1_fastqc.html
[2019-04-09 22:20:18,203] multiqc                                            [DEBUG  ]  Ignoring file as matched an ignore pattern: fastqc_report.html
[2019-04-09 22:20:18,233] multiqc                                            [DEBUG  ]  Ignoring file as matched an ignore pattern: SRR656469_2_fastqc.html
[2019-04-09 22:20:18,431] multiqc                                            [DEBUG  ]  No samples found: custom_content
[2019-04-09 22:20:18,433] multiqc                                            [DEBUG  ]  No samples found: conpair
[2019-04-09 22:20:18,435] multiqc                                            [DEBUG  ]  No samples found: peddy
[2019-04-09 22:20:18,438] multiqc                                            [DEBUG  ]  No samples found: methylQA
[2019-04-09 22:20:18,440] multiqc                                            [DEBUG  ]  No samples found: phantompeakqualtools
[2019-04-09 22:20:18,443] multiqc                                            [DEBUG  ]  No samples found: qualimap
[2019-04-09 22:20:18,445] multiqc                                            [DEBUG  ]  No samples found: preseq
[2019-04-09 22:20:18,447] multiqc                                            [DEBUG  ]  No samples found: quast
[2019-04-09 22:20:18,449] multiqc                                            [DEBUG  ]  No samples found: qorts
[2019-04-09 22:20:18,452] multiqc                                            [DEBUG  ]  No samples found: rna_seqc
[2019-04-09 22:20:18,454] multiqc                                            [DEBUG  ]  No samples found: rsem
[2019-04-09 22:20:18,458] multiqc                                            [DEBUG  ]  No samples found: rseqc
[2019-04-09 22:20:18,460] multiqc                                            [DEBUG  ]  No samples found: busco
[2019-04-09 22:20:18,462] multiqc                                            [DEBUG  ]  No samples found: goleft_indexcov
[2019-04-09 22:20:18,465] multiqc                                            [DEBUG  ]  No samples found: disambiguate
[2019-04-09 22:20:18,467] multiqc                                            [DEBUG  ]  No samples found: supernova
[2019-04-09 22:20:18,471] multiqc                                            [DEBUG  ]  No samples found: deeptools
[2019-04-09 22:20:18,474] multiqc                                            [DEBUG  ]  No samples found: sargasso
[2019-04-09 22:20:18,476] multiqc                                            [DEBUG  ]  No samples found: verifybamid
[2019-04-09 22:20:18,478] multiqc                                            [DEBUG  ]  No samples found: mirtrace
[2019-04-09 22:20:18,481] multiqc                                            [DEBUG  ]  No samples found: happy
[2019-04-09 22:20:18,484] multiqc                                            [DEBUG  ]  No samples found: homer
[2019-04-09 22:20:18,487] multiqc                                            [DEBUG  ]  No samples found: macs2
[2019-04-09 22:20:18,489] multiqc                                            [DEBUG  ]  No samples found: theta2
[2019-04-09 22:20:18,492] multiqc                                            [DEBUG  ]  No samples found: snpeff
[2019-04-09 22:20:18,494] multiqc                                            [DEBUG  ]  No samples found: gatk
[2019-04-09 22:20:18,497] multiqc                                            [DEBUG  ]  No samples found: htseq
[2019-04-09 22:20:18,500] multiqc                                            [DEBUG  ]  No samples found: bcftools
[2019-04-09 22:20:18,502] multiqc                                            [DEBUG  ]  No samples found: featureCounts
[2019-04-09 22:20:18,505] multiqc                                            [DEBUG  ]  No samples found: dedup
[2019-04-09 22:20:18,508] multiqc                                            [DEBUG  ]  No samples found: damageprofiler
[2019-04-09 22:20:18,513] multiqc                                            [DEBUG  ]  No samples found: picard
[2019-04-09 22:20:18,515] multiqc                                            [DEBUG  ]  No samples found: prokka
[2019-04-09 22:20:18,518] multiqc                                            [DEBUG  ]  No samples found: samblaster
[2019-04-09 22:20:18,521] multiqc                                            [DEBUG  ]  No samples found: samtools
[2019-04-09 22:20:18,523] multiqc                                            [DEBUG  ]  No samples found: bamtools
[2019-04-09 22:20:18,525] multiqc                                            [DEBUG  ]  No samples found: jellyfish
[2019-04-09 22:20:18,528] multiqc                                            [DEBUG  ]  No samples found: vcftools
[2019-04-09 22:20:18,531] multiqc                                            [DEBUG  ]  No samples found: longranger
[2019-04-09 22:20:18,533] multiqc                                            [DEBUG  ]  No samples found: stacks
[2019-04-09 22:20:18,537] multiqc                                            [DEBUG  ]  No samples found: bbmap
[2019-04-09 22:20:18,540] multiqc                                            [DEBUG  ]  No samples found: bismark
[2019-04-09 22:20:18,542] multiqc                                            [DEBUG  ]  No samples found: biscuit
[2019-04-09 22:20:18,544] multiqc                                            [DEBUG  ]  No samples found: hicexplorer
[2019-04-09 22:20:18,547] multiqc                                            [DEBUG  ]  No samples found: hicup
[2019-04-09 22:20:18,549] multiqc                                            [DEBUG  ]  No samples found: hicpro
[2019-04-09 22:20:18,551] multiqc                                            [DEBUG  ]  No samples found: salmon
[2019-04-09 22:20:18,553] multiqc                                            [DEBUG  ]  No samples found: kallisto
[2019-04-09 22:20:18,556] multiqc                                            [DEBUG  ]  No samples found: slamdunk
[2019-04-09 22:20:18,558] multiqc                                            [DEBUG  ]  No samples found: star
[2019-04-09 22:20:18,560] multiqc                                            [DEBUG  ]  No samples found: hisat2
[2019-04-09 22:20:18,563] multiqc                                            [DEBUG  ]  No samples found: tophat
[2019-04-09 22:20:18,565] multiqc                                            [DEBUG  ]  No samples found: bowtie2
[2019-04-09 22:20:18,568] multiqc                                            [DEBUG  ]  No samples found: bowtie1
[2019-04-09 22:20:18,570] multiqc                                            [DEBUG  ]  No samples found: kat
[2019-04-09 22:20:18,572] multiqc                                            [DEBUG  ]  No samples found: leehom
[2019-04-09 22:20:18,575] multiqc                                            [DEBUG  ]  No samples found: adapterRemoval
[2019-04-09 22:20:18,577] multiqc                                            [DEBUG  ]  No samples found: clipandmerge
[2019-04-09 22:20:18,579] multiqc                                            [DEBUG  ]  No samples found: cutadapt
[2019-04-09 22:20:18,581] multiqc                                            [DEBUG  ]  No samples found: flexbar
[2019-04-09 22:20:18,584] multiqc                                            [DEBUG  ]  No samples found: trimmomatic
[2019-04-09 22:20:18,586] multiqc                                            [DEBUG  ]  No samples found: skewer
[2019-04-09 22:20:18,589] multiqc                                            [DEBUG  ]  No samples found: sortmerna
[2019-04-09 22:20:18,591] multiqc                                            [DEBUG  ]  No samples found: biobloomtools
[2019-04-09 22:20:18,593] multiqc                                            [DEBUG  ]  No samples found: fastq_screen
[2019-04-09 22:20:18,596] multiqc                                            [DEBUG  ]  No samples found: afterqc
[2019-04-09 22:20:18,598] multiqc                                            [DEBUG  ]  No samples found: fastp
[2019-04-09 22:20:18,696] multiqc.modules.fastqc.fastqc                      [INFO   ]  Found 56 reports
[2019-04-09 22:20:19,548] multiqc                                            [DEBUG  ]  No samples found: minionqc
[2019-04-09 22:20:19,552] multiqc                                            [DEBUG  ]  No samples found: clusterflow
[2019-04-09 22:20:19,554] multiqc                                            [DEBUG  ]  No samples found: bcl2fastq
[2019-04-09 22:20:19,557] multiqc                                            [DEBUG  ]  No samples found: interop
[2019-04-09 22:20:19,559] multiqc                                            [DEBUG  ]  No samples found: flash
[2019-04-09 22:20:19,613] multiqc                                            [INFO   ]  Compressing plot data
[2019-04-09 22:20:20,402] multiqc                                            [INFO   ]  Report      : Project/results/combined/FastQC - Original/multiqc_report.html
[2019-04-09 22:20:20,402] multiqc                                            [INFO   ]  Data        : Project/results/combined/FastQC - Original/multiqc_data
[2019-04-09 22:20:20,402] multiqc                                            [DEBUG  ]  Moving data file from '/var/folders/rg/4_yk2klj4nl5yysc2cwmjscw0000gn/T/tmpvwjuo7if/multiqc_data/multiqc_fastqc.txt' to './Project/results/combined/FastQC - Original/multiqc_data'
[2019-04-09 22:20:20,403] multiqc                                            [DEBUG  ]  Moving data file from '/var/folders/rg/4_yk2klj4nl5yysc2cwmjscw0000gn/T/tmpvwjuo7if/multiqc_data/multiqc_general_stats.txt' to './Project/results/combined/FastQC - Original/multiqc_data'
[2019-04-09 22:20:20,403] multiqc                                            [DEBUG  ]  Moving data file from '/var/folders/rg/4_yk2klj4nl5yysc2cwmjscw0000gn/T/tmpvwjuo7if/multiqc_data/multiqc_sources.txt' to './Project/results/combined/FastQC - Original/multiqc_data'
[2019-04-09 22:20:20,403] multiqc                                            [DEBUG  ]  Moving data file from '/var/folders/rg/4_yk2klj4nl5yysc2cwmjscw0000gn/T/tmpvwjuo7if/multiqc_data/multiqc_data.json' to './Project/results/combined/FastQC - Original/multiqc_data'
[2019-04-09 22:20:20,505] multiqc                                            [INFO   ]  MultiQC complete
