[2019-04-11 13:08:02,967] multiqc                                            [DEBUG  ]  No MultiQC config found: /anaconda2/lib/python3.7/site-packages/multiqc_config.yaml
[2019-04-11 13:08:02,967] multiqc                                            [DEBUG  ]  No MultiQC config found: /Users/tomer/.multiqc_config.yaml
[2019-04-11 13:08:02,967] multiqc                                            [DEBUG  ]  No MultiQC config found: multiqc_config.yaml
[2019-04-11 13:08:02,967] multiqc                                            [DEBUG  ]  Command used: /anaconda2/bin/multiqc ./Project/results/bladder/SRR1071717/alignment_qc/SRR1071717.flagstat ./Project/results/bladder/SRR1071717/alignment_qc/SRR1071717.stats ./Project/results/bladder/SRR1079830/alignment_qc/SRR1079830.flagstat ./Project/results/bladder/SRR1079830/alignment_qc/SRR1079830.stats ./Project/results/bladder/SRR1081765/alignment_qc/SRR1081765.flagstat ./Project/results/bladder/SRR1081765/alignment_qc/SRR1081765.stats ./Project/results/bladder/SRR1084917/alignment_qc/SRR1084917.flagstat ./Project/results/bladder/SRR1084917/alignment_qc/SRR1084917.stats ./Project/results/bladder/SRR1085402/alignment_qc/SRR1085402.flagstat ./Project/results/bladder/SRR1085402/alignment_qc/SRR1085402.stats ./Project/results/bladder/SRR1086236/alignment_qc/SRR1086236.flagstat ./Project/results/bladder/SRR1086236/alignment_qc/SRR1086236.stats ./Project/results/bladder/SRR1099957/alignment_qc/SRR1099957.flagstat ./Project/results/bladder/SRR1099957/alignment_qc/SRR1099957.stats ./Project/results/bladder/SRR1120296/alignment_qc/SRR1120296.flagstat ./Project/results/bladder/SRR1120296/alignment_qc/SRR1120296.stats ./Project/results/blood/SRR613723/alignment_qc/SRR613723.flagstat ./Project/results/blood/SRR613723/alignment_qc/SRR613723.stats ./Project/results/blood/SRR614059/alignment_qc/SRR614059.flagstat ./Project/results/blood/SRR614059/alignment_qc/SRR614059.stats ./Project/results/blood/SRR614131/alignment_qc/SRR614131.flagstat ./Project/results/blood/SRR614131/alignment_qc/SRR614131.stats ./Project/results/blood/SRR614167/alignment_qc/SRR614167.flagstat ./Project/results/blood/SRR614167/alignment_qc/SRR614167.stats ./Project/results/blood/SRR615177/alignment_qc/SRR615177.flagstat ./Project/results/blood/SRR615177/alignment_qc/SRR615177.stats ./Project/results/brain/SRR595926/alignment_qc/SRR595926.flagstat ./Project/results/brain/SRR595926/alignment_qc/SRR595926.stats ./Project/results/brain/SRR598253/alignment_qc/SRR598253.flagstat ./Project/results/brain/SRR598253/alignment_qc/SRR598253.stats ./Project/results/brain/SRR603397/alignment_qc/SRR603397.flagstat ./Project/results/brain/SRR603397/alignment_qc/SRR603397.stats ./Project/results/brain/SRR627449/alignment_qc/SRR627449.flagstat ./Project/results/brain/SRR627449/alignment_qc/SRR627449.stats ./Project/results/brain/SRR627462/alignment_qc/SRR627462.flagstat ./Project/results/brain/SRR627462/alignment_qc/SRR627462.stats ./Project/results/liver/SRR1093861/alignment_qc/SRR1093861.flagstat ./Project/results/liver/SRR1093861/alignment_qc/SRR1093861.stats ./Project/results/liver/SRR1095383/alignment_qc/SRR1095383.flagstat ./Project/results/liver/SRR1095383/alignment_qc/SRR1095383.stats ./Project/results/liver/SRR659649/alignment_qc/SRR659649.flagstat ./Project/results/liver/SRR659649/alignment_qc/SRR659649.stats ./Project/results/liver/SRR807971/alignment_qc/SRR807971.flagstat ./Project/results/liver/SRR807971/alignment_qc/SRR807971.stats ./Project/results/liver/SRR815711/alignment_qc/SRR815711.flagstat ./Project/results/liver/SRR815711/alignment_qc/SRR815711.stats ./Project/results/lung/SRR600417/alignment_qc/SRR600417.flagstat ./Project/results/lung/SRR600417/alignment_qc/SRR600417.stats ./Project/results/lung/SRR600584/alignment_qc/SRR600584.flagstat ./Project/results/lung/SRR600584/alignment_qc/SRR600584.stats ./Project/results/lung/SRR600900/alignment_qc/SRR600900.flagstat ./Project/results/lung/SRR600900/alignment_qc/SRR600900.stats ./Project/results/lung/SRR601900/alignment_qc/SRR601900.flagstat ./Project/results/lung/SRR601900/alignment_qc/SRR601900.stats ./Project/results/lung/SRR665217/alignment_qc/SRR665217.flagstat ./Project/results/lung/SRR665217/alignment_qc/SRR665217.stats ./Project/results/skin/SRR614206/alignment_qc/SRR614206.flagstat ./Project/results/skin/SRR614206/alignment_qc/SRR614206.stats ./Project/results/skin/SRR614755/alignment_qc/SRR614755.flagstat ./Project/results/skin/SRR614755/alignment_qc/SRR614755.stats ./Project/results/skin/SRR614779/alignment_qc/SRR614779.flagstat ./Project/results/skin/SRR614779/alignment_qc/SRR614779.stats ./Project/results/skin/SRR615008/alignment_qc/SRR615008.flagstat ./Project/results/skin/SRR615008/alignment_qc/SRR615008.stats ./Project/results/skin/SRR615623/alignment_qc/SRR615623.flagstat ./Project/results/skin/SRR615623/alignment_qc/SRR615623.stats ./Project/results/thyroid/SRR655277/alignment_qc/SRR655277.flagstat ./Project/results/thyroid/SRR655277/alignment_qc/SRR655277.stats ./Project/results/thyroid/SRR656191/alignment_qc/SRR656191.flagstat ./Project/results/thyroid/SRR656191/alignment_qc/SRR656191.stats ./Project/results/thyroid/SRR656373/alignment_qc/SRR656373.flagstat ./Project/results/thyroid/SRR656373/alignment_qc/SRR656373.stats ./Project/results/thyroid/SRR656469/alignment_qc/SRR656469.flagstat ./Project/results/thyroid/SRR656469/alignment_qc/SRR656469.stats ./Project/results/thyroid/SRR656528/alignment_qc/SRR656528.flagstat ./Project/results/thyroid/SRR656528/alignment_qc/SRR656528.stats -o ./Project/results/combined/Alignment QC/
[2019-04-11 13:08:03,756] multiqc                                            [DEBUG  ]  Latest MultiQC version is v1.7
[2019-04-11 13:08:03,756] multiqc                                            [INFO   ]  This is MultiQC v1.7
[2019-04-11 13:08:03,756] multiqc                                            [DEBUG  ]  Command     : /anaconda2/bin/multiqc ./Project/results/bladder/SRR1071717/alignment_qc/SRR1071717.flagstat ./Project/results/bladder/SRR1071717/alignment_qc/SRR1071717.stats ./Project/results/bladder/SRR1079830/alignment_qc/SRR1079830.flagstat ./Project/results/bladder/SRR1079830/alignment_qc/SRR1079830.stats ./Project/results/bladder/SRR1081765/alignment_qc/SRR1081765.flagstat ./Project/results/bladder/SRR1081765/alignment_qc/SRR1081765.stats ./Project/results/bladder/SRR1084917/alignment_qc/SRR1084917.flagstat ./Project/results/bladder/SRR1084917/alignment_qc/SRR1084917.stats ./Project/results/bladder/SRR1085402/alignment_qc/SRR1085402.flagstat ./Project/results/bladder/SRR1085402/alignment_qc/SRR1085402.stats ./Project/results/bladder/SRR1086236/alignment_qc/SRR1086236.flagstat ./Project/results/bladder/SRR1086236/alignment_qc/SRR1086236.stats ./Project/results/bladder/SRR1099957/alignment_qc/SRR1099957.flagstat ./Project/results/bladder/SRR1099957/alignment_qc/SRR1099957.stats ./Project/results/bladder/SRR1120296/alignment_qc/SRR1120296.flagstat ./Project/results/bladder/SRR1120296/alignment_qc/SRR1120296.stats ./Project/results/blood/SRR613723/alignment_qc/SRR613723.flagstat ./Project/results/blood/SRR613723/alignment_qc/SRR613723.stats ./Project/results/blood/SRR614059/alignment_qc/SRR614059.flagstat ./Project/results/blood/SRR614059/alignment_qc/SRR614059.stats ./Project/results/blood/SRR614131/alignment_qc/SRR614131.flagstat ./Project/results/blood/SRR614131/alignment_qc/SRR614131.stats ./Project/results/blood/SRR614167/alignment_qc/SRR614167.flagstat ./Project/results/blood/SRR614167/alignment_qc/SRR614167.stats ./Project/results/blood/SRR615177/alignment_qc/SRR615177.flagstat ./Project/results/blood/SRR615177/alignment_qc/SRR615177.stats ./Project/results/brain/SRR595926/alignment_qc/SRR595926.flagstat ./Project/results/brain/SRR595926/alignment_qc/SRR595926.stats ./Project/results/brain/SRR598253/alignment_qc/SRR598253.flagstat ./Project/results/brain/SRR598253/alignment_qc/SRR598253.stats ./Project/results/brain/SRR603397/alignment_qc/SRR603397.flagstat ./Project/results/brain/SRR603397/alignment_qc/SRR603397.stats ./Project/results/brain/SRR627449/alignment_qc/SRR627449.flagstat ./Project/results/brain/SRR627449/alignment_qc/SRR627449.stats ./Project/results/brain/SRR627462/alignment_qc/SRR627462.flagstat ./Project/results/brain/SRR627462/alignment_qc/SRR627462.stats ./Project/results/liver/SRR1093861/alignment_qc/SRR1093861.flagstat ./Project/results/liver/SRR1093861/alignment_qc/SRR1093861.stats ./Project/results/liver/SRR1095383/alignment_qc/SRR1095383.flagstat ./Project/results/liver/SRR1095383/alignment_qc/SRR1095383.stats ./Project/results/liver/SRR659649/alignment_qc/SRR659649.flagstat ./Project/results/liver/SRR659649/alignment_qc/SRR659649.stats ./Project/results/liver/SRR807971/alignment_qc/SRR807971.flagstat ./Project/results/liver/SRR807971/alignment_qc/SRR807971.stats ./Project/results/liver/SRR815711/alignment_qc/SRR815711.flagstat ./Project/results/liver/SRR815711/alignment_qc/SRR815711.stats ./Project/results/lung/SRR600417/alignment_qc/SRR600417.flagstat ./Project/results/lung/SRR600417/alignment_qc/SRR600417.stats ./Project/results/lung/SRR600584/alignment_qc/SRR600584.flagstat ./Project/results/lung/SRR600584/alignment_qc/SRR600584.stats ./Project/results/lung/SRR600900/alignment_qc/SRR600900.flagstat ./Project/results/lung/SRR600900/alignment_qc/SRR600900.stats ./Project/results/lung/SRR601900/alignment_qc/SRR601900.flagstat ./Project/results/lung/SRR601900/alignment_qc/SRR601900.stats ./Project/results/lung/SRR665217/alignment_qc/SRR665217.flagstat ./Project/results/lung/SRR665217/alignment_qc/SRR665217.stats ./Project/results/skin/SRR614206/alignment_qc/SRR614206.flagstat ./Project/results/skin/SRR614206/alignment_qc/SRR614206.stats ./Project/results/skin/SRR614755/alignment_qc/SRR614755.flagstat ./Project/results/skin/SRR614755/alignment_qc/SRR614755.stats ./Project/results/skin/SRR614779/alignment_qc/SRR614779.flagstat ./Project/results/skin/SRR614779/alignment_qc/SRR614779.stats ./Project/results/skin/SRR615008/alignment_qc/SRR615008.flagstat ./Project/results/skin/SRR615008/alignment_qc/SRR615008.stats ./Project/results/skin/SRR615623/alignment_qc/SRR615623.flagstat ./Project/results/skin/SRR615623/alignment_qc/SRR615623.stats ./Project/results/thyroid/SRR655277/alignment_qc/SRR655277.flagstat ./Project/results/thyroid/SRR655277/alignment_qc/SRR655277.stats ./Project/results/thyroid/SRR656191/alignment_qc/SRR656191.flagstat ./Project/results/thyroid/SRR656191/alignment_qc/SRR656191.stats ./Project/results/thyroid/SRR656373/alignment_qc/SRR656373.flagstat ./Project/results/thyroid/SRR656373/alignment_qc/SRR656373.stats ./Project/results/thyroid/SRR656469/alignment_qc/SRR656469.flagstat ./Project/results/thyroid/SRR656469/alignment_qc/SRR656469.stats ./Project/results/thyroid/SRR656528/alignment_qc/SRR656528.flagstat ./Project/results/thyroid/SRR656528/alignment_qc/SRR656528.stats -o ./Project/results/combined/Alignment QC/
[2019-04-11 13:08:03,756] multiqc                                            [DEBUG  ]  Working dir : /Users/tomer/Google Drive/PhD/Courses/Analysis of Next Generation Sequencing Data
[2019-04-11 13:08:03,756] multiqc                                            [INFO   ]  Template    : default
[2019-04-11 13:08:03,756] multiqc                                            [INFO   ]  Searching './Project/results/bladder/SRR1071717/alignment_qc/SRR1071717.flagstat'
[2019-04-11 13:08:03,757] multiqc                                            [INFO   ]  Searching './Project/results/bladder/SRR1071717/alignment_qc/SRR1071717.stats'
[2019-04-11 13:08:03,757] multiqc                                            [INFO   ]  Searching './Project/results/bladder/SRR1079830/alignment_qc/SRR1079830.flagstat'
[2019-04-11 13:08:03,757] multiqc                                            [INFO   ]  Searching './Project/results/bladder/SRR1079830/alignment_qc/SRR1079830.stats'
[2019-04-11 13:08:03,757] multiqc                                            [INFO   ]  Searching './Project/results/bladder/SRR1081765/alignment_qc/SRR1081765.flagstat'
[2019-04-11 13:08:03,757] multiqc                                            [INFO   ]  Searching './Project/results/bladder/SRR1081765/alignment_qc/SRR1081765.stats'
[2019-04-11 13:08:03,757] multiqc                                            [INFO   ]  Searching './Project/results/bladder/SRR1084917/alignment_qc/SRR1084917.flagstat'
[2019-04-11 13:08:03,757] multiqc                                            [INFO   ]  Searching './Project/results/bladder/SRR1084917/alignment_qc/SRR1084917.stats'
[2019-04-11 13:08:03,757] multiqc                                            [INFO   ]  Searching './Project/results/bladder/SRR1085402/alignment_qc/SRR1085402.flagstat'
[2019-04-11 13:08:03,757] multiqc                                            [INFO   ]  Searching './Project/results/bladder/SRR1085402/alignment_qc/SRR1085402.stats'
[2019-04-11 13:08:03,757] multiqc                                            [INFO   ]  Searching './Project/results/bladder/SRR1086236/alignment_qc/SRR1086236.flagstat'
[2019-04-11 13:08:03,757] multiqc                                            [INFO   ]  Searching './Project/results/bladder/SRR1086236/alignment_qc/SRR1086236.stats'
[2019-04-11 13:08:03,757] multiqc                                            [INFO   ]  Searching './Project/results/bladder/SRR1099957/alignment_qc/SRR1099957.flagstat'
[2019-04-11 13:08:03,757] multiqc                                            [INFO   ]  Searching './Project/results/bladder/SRR1099957/alignment_qc/SRR1099957.stats'
[2019-04-11 13:08:03,757] multiqc                                            [INFO   ]  Searching './Project/results/bladder/SRR1120296/alignment_qc/SRR1120296.flagstat'
[2019-04-11 13:08:03,758] multiqc                                            [INFO   ]  Searching './Project/results/bladder/SRR1120296/alignment_qc/SRR1120296.stats'
[2019-04-11 13:08:03,758] multiqc                                            [INFO   ]  Searching './Project/results/blood/SRR613723/alignment_qc/SRR613723.flagstat'
[2019-04-11 13:08:03,758] multiqc                                            [INFO   ]  Searching './Project/results/blood/SRR613723/alignment_qc/SRR613723.stats'
[2019-04-11 13:08:03,758] multiqc                                            [INFO   ]  Searching './Project/results/blood/SRR614059/alignment_qc/SRR614059.flagstat'
[2019-04-11 13:08:03,758] multiqc                                            [INFO   ]  Searching './Project/results/blood/SRR614059/alignment_qc/SRR614059.stats'
[2019-04-11 13:08:03,758] multiqc                                            [INFO   ]  Searching './Project/results/blood/SRR614131/alignment_qc/SRR614131.flagstat'
[2019-04-11 13:08:03,758] multiqc                                            [INFO   ]  Searching './Project/results/blood/SRR614131/alignment_qc/SRR614131.stats'
[2019-04-11 13:08:03,758] multiqc                                            [INFO   ]  Searching './Project/results/blood/SRR614167/alignment_qc/SRR614167.flagstat'
[2019-04-11 13:08:03,758] multiqc                                            [INFO   ]  Searching './Project/results/blood/SRR614167/alignment_qc/SRR614167.stats'
[2019-04-11 13:08:03,758] multiqc                                            [INFO   ]  Searching './Project/results/blood/SRR615177/alignment_qc/SRR615177.flagstat'
[2019-04-11 13:08:03,758] multiqc                                            [INFO   ]  Searching './Project/results/blood/SRR615177/alignment_qc/SRR615177.stats'
[2019-04-11 13:08:03,758] multiqc                                            [INFO   ]  Searching './Project/results/brain/SRR595926/alignment_qc/SRR595926.flagstat'
[2019-04-11 13:08:03,758] multiqc                                            [INFO   ]  Searching './Project/results/brain/SRR595926/alignment_qc/SRR595926.stats'
[2019-04-11 13:08:03,759] multiqc                                            [INFO   ]  Searching './Project/results/brain/SRR598253/alignment_qc/SRR598253.flagstat'
[2019-04-11 13:08:03,759] multiqc                                            [INFO   ]  Searching './Project/results/brain/SRR598253/alignment_qc/SRR598253.stats'
[2019-04-11 13:08:03,759] multiqc                                            [INFO   ]  Searching './Project/results/brain/SRR603397/alignment_qc/SRR603397.flagstat'
[2019-04-11 13:08:03,759] multiqc                                            [INFO   ]  Searching './Project/results/brain/SRR603397/alignment_qc/SRR603397.stats'
[2019-04-11 13:08:03,759] multiqc                                            [INFO   ]  Searching './Project/results/brain/SRR627449/alignment_qc/SRR627449.flagstat'
[2019-04-11 13:08:03,759] multiqc                                            [INFO   ]  Searching './Project/results/brain/SRR627449/alignment_qc/SRR627449.stats'
[2019-04-11 13:08:03,759] multiqc                                            [INFO   ]  Searching './Project/results/brain/SRR627462/alignment_qc/SRR627462.flagstat'
[2019-04-11 13:08:03,759] multiqc                                            [INFO   ]  Searching './Project/results/brain/SRR627462/alignment_qc/SRR627462.stats'
[2019-04-11 13:08:03,759] multiqc                                            [INFO   ]  Searching './Project/results/liver/SRR1093861/alignment_qc/SRR1093861.flagstat'
[2019-04-11 13:08:03,759] multiqc                                            [INFO   ]  Searching './Project/results/liver/SRR1093861/alignment_qc/SRR1093861.stats'
[2019-04-11 13:08:03,759] multiqc                                            [INFO   ]  Searching './Project/results/liver/SRR1095383/alignment_qc/SRR1095383.flagstat'
[2019-04-11 13:08:03,759] multiqc                                            [INFO   ]  Searching './Project/results/liver/SRR1095383/alignment_qc/SRR1095383.stats'
[2019-04-11 13:08:03,760] multiqc                                            [INFO   ]  Searching './Project/results/liver/SRR659649/alignment_qc/SRR659649.flagstat'
[2019-04-11 13:08:03,760] multiqc                                            [INFO   ]  Searching './Project/results/liver/SRR659649/alignment_qc/SRR659649.stats'
[2019-04-11 13:08:03,760] multiqc                                            [INFO   ]  Searching './Project/results/liver/SRR807971/alignment_qc/SRR807971.flagstat'
[2019-04-11 13:08:03,760] multiqc                                            [INFO   ]  Searching './Project/results/liver/SRR807971/alignment_qc/SRR807971.stats'
[2019-04-11 13:08:03,760] multiqc                                            [INFO   ]  Searching './Project/results/liver/SRR815711/alignment_qc/SRR815711.flagstat'
[2019-04-11 13:08:03,760] multiqc                                            [INFO   ]  Searching './Project/results/liver/SRR815711/alignment_qc/SRR815711.stats'
[2019-04-11 13:08:03,760] multiqc                                            [INFO   ]  Searching './Project/results/lung/SRR600417/alignment_qc/SRR600417.flagstat'
[2019-04-11 13:08:03,760] multiqc                                            [INFO   ]  Searching './Project/results/lung/SRR600417/alignment_qc/SRR600417.stats'
[2019-04-11 13:08:03,760] multiqc                                            [INFO   ]  Searching './Project/results/lung/SRR600584/alignment_qc/SRR600584.flagstat'
[2019-04-11 13:08:03,760] multiqc                                            [INFO   ]  Searching './Project/results/lung/SRR600584/alignment_qc/SRR600584.stats'
[2019-04-11 13:08:03,760] multiqc                                            [INFO   ]  Searching './Project/results/lung/SRR600900/alignment_qc/SRR600900.flagstat'
[2019-04-11 13:08:03,760] multiqc                                            [INFO   ]  Searching './Project/results/lung/SRR600900/alignment_qc/SRR600900.stats'
[2019-04-11 13:08:03,760] multiqc                                            [INFO   ]  Searching './Project/results/lung/SRR601900/alignment_qc/SRR601900.flagstat'
[2019-04-11 13:08:03,761] multiqc                                            [INFO   ]  Searching './Project/results/lung/SRR601900/alignment_qc/SRR601900.stats'
[2019-04-11 13:08:03,761] multiqc                                            [INFO   ]  Searching './Project/results/lung/SRR665217/alignment_qc/SRR665217.flagstat'
[2019-04-11 13:08:03,761] multiqc                                            [INFO   ]  Searching './Project/results/lung/SRR665217/alignment_qc/SRR665217.stats'
[2019-04-11 13:08:03,761] multiqc                                            [INFO   ]  Searching './Project/results/skin/SRR614206/alignment_qc/SRR614206.flagstat'
[2019-04-11 13:08:03,761] multiqc                                            [INFO   ]  Searching './Project/results/skin/SRR614206/alignment_qc/SRR614206.stats'
[2019-04-11 13:08:03,761] multiqc                                            [INFO   ]  Searching './Project/results/skin/SRR614755/alignment_qc/SRR614755.flagstat'
[2019-04-11 13:08:03,761] multiqc                                            [INFO   ]  Searching './Project/results/skin/SRR614755/alignment_qc/SRR614755.stats'
[2019-04-11 13:08:03,761] multiqc                                            [INFO   ]  Searching './Project/results/skin/SRR614779/alignment_qc/SRR614779.flagstat'
[2019-04-11 13:08:03,761] multiqc                                            [INFO   ]  Searching './Project/results/skin/SRR614779/alignment_qc/SRR614779.stats'
[2019-04-11 13:08:03,761] multiqc                                            [INFO   ]  Searching './Project/results/skin/SRR615008/alignment_qc/SRR615008.flagstat'
[2019-04-11 13:08:03,761] multiqc                                            [INFO   ]  Searching './Project/results/skin/SRR615008/alignment_qc/SRR615008.stats'
[2019-04-11 13:08:03,761] multiqc                                            [INFO   ]  Searching './Project/results/skin/SRR615623/alignment_qc/SRR615623.flagstat'
[2019-04-11 13:08:03,761] multiqc                                            [INFO   ]  Searching './Project/results/skin/SRR615623/alignment_qc/SRR615623.stats'
[2019-04-11 13:08:03,761] multiqc                                            [INFO   ]  Searching './Project/results/thyroid/SRR655277/alignment_qc/SRR655277.flagstat'
[2019-04-11 13:08:03,761] multiqc                                            [INFO   ]  Searching './Project/results/thyroid/SRR655277/alignment_qc/SRR655277.stats'
[2019-04-11 13:08:03,761] multiqc                                            [INFO   ]  Searching './Project/results/thyroid/SRR656191/alignment_qc/SRR656191.flagstat'
[2019-04-11 13:08:03,762] multiqc                                            [INFO   ]  Searching './Project/results/thyroid/SRR656191/alignment_qc/SRR656191.stats'
[2019-04-11 13:08:03,762] multiqc                                            [INFO   ]  Searching './Project/results/thyroid/SRR656373/alignment_qc/SRR656373.flagstat'
[2019-04-11 13:08:03,762] multiqc                                            [INFO   ]  Searching './Project/results/thyroid/SRR656373/alignment_qc/SRR656373.stats'
[2019-04-11 13:08:03,762] multiqc                                            [INFO   ]  Searching './Project/results/thyroid/SRR656469/alignment_qc/SRR656469.flagstat'
[2019-04-11 13:08:03,762] multiqc                                            [INFO   ]  Searching './Project/results/thyroid/SRR656469/alignment_qc/SRR656469.stats'
[2019-04-11 13:08:03,762] multiqc                                            [INFO   ]  Searching './Project/results/thyroid/SRR656528/alignment_qc/SRR656528.flagstat'
[2019-04-11 13:08:03,762] multiqc                                            [INFO   ]  Searching './Project/results/thyroid/SRR656528/alignment_qc/SRR656528.stats'
[2019-04-11 13:08:03,762] multiqc                                            [DEBUG  ]  Analysing modules: custom_content, conpair, peddy, methylQA, phantompeakqualtools, qualimap, preseq, quast, qorts, rna_seqc, rsem, rseqc, busco, goleft_indexcov, disambiguate, supernova, deeptools, sargasso, verifybamid, mirtrace, happy, homer, macs2, theta2, snpeff, gatk, htseq, bcftools, featureCounts, dedup, damageprofiler, picard, prokka, samblaster, samtools, bamtools, jellyfish, vcftools, longranger, stacks, bbmap, bismark, biscuit, hicexplorer, hicup, hicpro, salmon, kallisto, slamdunk, star, hisat2, tophat, bowtie2, bowtie1, kat, leehom, adapterRemoval, clipandmerge, cutadapt, flexbar, trimmomatic, skewer, sortmerna, biobloomtools, fastq_screen, afterqc, fastp, fastqc, minionqc, clusterflow, bcl2fastq, interop, flash
[2019-04-11 13:08:03,763] multiqc                                            [DEBUG  ]  Using temporary directory for creating report: /var/folders/rg/4_yk2klj4nl5yysc2cwmjscw0000gn/T/tmpfdzfiaiv
[2019-04-11 13:08:13,370] multiqc                                            [DEBUG  ]  No samples found: custom_content
[2019-04-11 13:08:13,374] multiqc                                            [DEBUG  ]  No samples found: conpair
[2019-04-11 13:08:13,378] multiqc                                            [DEBUG  ]  No samples found: peddy
[2019-04-11 13:08:13,381] multiqc                                            [DEBUG  ]  No samples found: methylQA
[2019-04-11 13:08:13,385] multiqc                                            [DEBUG  ]  No samples found: phantompeakqualtools
[2019-04-11 13:08:13,391] multiqc                                            [DEBUG  ]  No samples found: qualimap
[2019-04-11 13:08:13,394] multiqc                                            [DEBUG  ]  No samples found: preseq
[2019-04-11 13:08:13,399] multiqc                                            [DEBUG  ]  No samples found: quast
[2019-04-11 13:08:13,403] multiqc                                            [DEBUG  ]  No samples found: qorts
[2019-04-11 13:08:13,407] multiqc                                            [DEBUG  ]  No samples found: rna_seqc
[2019-04-11 13:08:13,411] multiqc                                            [DEBUG  ]  No samples found: rsem
[2019-04-11 13:08:13,425] multiqc                                            [DEBUG  ]  No samples found: rseqc
[2019-04-11 13:08:13,429] multiqc                                            [DEBUG  ]  No samples found: busco
[2019-04-11 13:08:13,434] multiqc                                            [DEBUG  ]  No samples found: goleft_indexcov
[2019-04-11 13:08:13,437] multiqc                                            [DEBUG  ]  No samples found: disambiguate
[2019-04-11 13:08:13,441] multiqc                                            [DEBUG  ]  No samples found: supernova
[2019-04-11 13:08:13,453] multiqc                                            [DEBUG  ]  No samples found: deeptools
[2019-04-11 13:08:13,456] multiqc                                            [DEBUG  ]  No samples found: sargasso
[2019-04-11 13:08:13,460] multiqc                                            [DEBUG  ]  No samples found: verifybamid
[2019-04-11 13:08:13,464] multiqc                                            [DEBUG  ]  No samples found: mirtrace
[2019-04-11 13:08:13,467] multiqc                                            [DEBUG  ]  No samples found: happy
[2019-04-11 13:08:13,472] multiqc                                            [DEBUG  ]  No samples found: homer
[2019-04-11 13:08:13,475] multiqc                                            [DEBUG  ]  No samples found: macs2
[2019-04-11 13:08:13,479] multiqc                                            [DEBUG  ]  No samples found: theta2
[2019-04-11 13:08:13,483] multiqc                                            [DEBUG  ]  No samples found: snpeff
[2019-04-11 13:08:13,488] multiqc                                            [DEBUG  ]  No samples found: gatk
[2019-04-11 13:08:13,492] multiqc                                            [DEBUG  ]  No samples found: htseq
[2019-04-11 13:08:13,496] multiqc                                            [DEBUG  ]  No samples found: bcftools
[2019-04-11 13:08:13,500] multiqc                                            [DEBUG  ]  No samples found: featureCounts
[2019-04-11 13:08:13,504] multiqc                                            [DEBUG  ]  No samples found: dedup
[2019-04-11 13:08:13,508] multiqc                                            [DEBUG  ]  No samples found: damageprofiler
[2019-04-11 13:08:13,524] multiqc                                            [DEBUG  ]  No samples found: picard
[2019-04-11 13:08:13,527] multiqc                                            [DEBUG  ]  No samples found: prokka
[2019-04-11 13:08:13,532] multiqc                                            [DEBUG  ]  No samples found: samblaster
[2019-04-11 13:08:13,635] multiqc.modules.samtools.samtools                  [INFO   ]  Found 38 stats reports
[2019-04-11 13:08:13,655] multiqc.modules.samtools.samtools                  [INFO   ]  Found 38 flagstat reports
[2019-04-11 13:08:13,659] multiqc                                            [DEBUG  ]  No samples found: bamtools
[2019-04-11 13:08:13,663] multiqc                                            [DEBUG  ]  No samples found: jellyfish
[2019-04-11 13:08:13,669] multiqc                                            [DEBUG  ]  No samples found: vcftools
[2019-04-11 13:08:13,674] multiqc                                            [DEBUG  ]  No samples found: longranger
[2019-04-11 13:08:13,677] multiqc                                            [DEBUG  ]  No samples found: stacks
[2019-04-11 13:08:13,687] multiqc                                            [DEBUG  ]  No samples found: bbmap
[2019-04-11 13:08:13,690] multiqc                                            [DEBUG  ]  No samples found: bismark
[2019-04-11 13:08:13,694] multiqc                                            [DEBUG  ]  No samples found: biscuit
[2019-04-11 13:08:13,698] multiqc                                            [DEBUG  ]  No samples found: hicexplorer
[2019-04-11 13:08:13,701] multiqc                                            [DEBUG  ]  No samples found: hicup
[2019-04-11 13:08:13,705] multiqc                                            [DEBUG  ]  No samples found: hicpro
[2019-04-11 13:08:13,708] multiqc                                            [DEBUG  ]  No samples found: salmon
[2019-04-11 13:08:13,711] multiqc                                            [DEBUG  ]  No samples found: kallisto
[2019-04-11 13:08:13,714] multiqc                                            [DEBUG  ]  No samples found: slamdunk
[2019-04-11 13:08:13,718] multiqc                                            [DEBUG  ]  No samples found: star
[2019-04-11 13:08:13,721] multiqc                                            [DEBUG  ]  No samples found: hisat2
[2019-04-11 13:08:13,724] multiqc                                            [DEBUG  ]  No samples found: tophat
[2019-04-11 13:08:13,727] multiqc                                            [DEBUG  ]  No samples found: bowtie2
[2019-04-11 13:08:13,731] multiqc                                            [DEBUG  ]  No samples found: bowtie1
[2019-04-11 13:08:13,734] multiqc                                            [DEBUG  ]  No samples found: kat
[2019-04-11 13:08:13,737] multiqc                                            [DEBUG  ]  No samples found: leehom
[2019-04-11 13:08:13,741] multiqc                                            [DEBUG  ]  No samples found: adapterRemoval
[2019-04-11 13:08:13,745] multiqc                                            [DEBUG  ]  No samples found: clipandmerge
[2019-04-11 13:08:13,748] multiqc                                            [DEBUG  ]  No samples found: cutadapt
[2019-04-11 13:08:13,752] multiqc                                            [DEBUG  ]  No samples found: flexbar
[2019-04-11 13:08:13,755] multiqc                                            [DEBUG  ]  No samples found: trimmomatic
[2019-04-11 13:08:13,759] multiqc                                            [DEBUG  ]  No samples found: skewer
[2019-04-11 13:08:13,763] multiqc                                            [DEBUG  ]  No samples found: sortmerna
[2019-04-11 13:08:13,766] multiqc                                            [DEBUG  ]  No samples found: biobloomtools
[2019-04-11 13:08:13,769] multiqc                                            [DEBUG  ]  No samples found: fastq_screen
[2019-04-11 13:08:13,773] multiqc                                            [DEBUG  ]  No samples found: afterqc
[2019-04-11 13:08:13,777] multiqc                                            [DEBUG  ]  No samples found: fastp
[2019-04-11 13:08:13,781] multiqc                                            [DEBUG  ]  No samples found: fastqc
[2019-04-11 13:08:13,785] multiqc                                            [DEBUG  ]  No samples found: minionqc
[2019-04-11 13:08:13,790] multiqc                                            [DEBUG  ]  No samples found: clusterflow
[2019-04-11 13:08:13,794] multiqc                                            [DEBUG  ]  No samples found: bcl2fastq
[2019-04-11 13:08:13,798] multiqc                                            [DEBUG  ]  No samples found: interop
[2019-04-11 13:08:13,802] multiqc                                            [DEBUG  ]  No samples found: flash
[2019-04-11 13:08:13,863] multiqc                                            [INFO   ]  Compressing plot data
[2019-04-11 13:08:13,910] multiqc                                            [INFO   ]  Report      : Project/results/combined/Alignment QC/multiqc_report.html
[2019-04-11 13:08:13,910] multiqc                                            [INFO   ]  Data        : Project/results/combined/Alignment QC/multiqc_data
[2019-04-11 13:08:13,910] multiqc                                            [DEBUG  ]  Moving data file from '/var/folders/rg/4_yk2klj4nl5yysc2cwmjscw0000gn/T/tmpfdzfiaiv/multiqc_data/multiqc_general_stats.txt' to './Project/results/combined/Alignment QC/multiqc_data'
[2019-04-11 13:08:13,911] multiqc                                            [DEBUG  ]  Moving data file from '/var/folders/rg/4_yk2klj4nl5yysc2cwmjscw0000gn/T/tmpfdzfiaiv/multiqc_data/multiqc_sources.txt' to './Project/results/combined/Alignment QC/multiqc_data'
[2019-04-11 13:08:13,911] multiqc                                            [DEBUG  ]  Moving data file from '/var/folders/rg/4_yk2klj4nl5yysc2cwmjscw0000gn/T/tmpfdzfiaiv/multiqc_data/multiqc_samtools_stats.txt' to './Project/results/combined/Alignment QC/multiqc_data'
[2019-04-11 13:08:13,911] multiqc                                            [DEBUG  ]  Moving data file from '/var/folders/rg/4_yk2klj4nl5yysc2cwmjscw0000gn/T/tmpfdzfiaiv/multiqc_data/multiqc_data.json' to './Project/results/combined/Alignment QC/multiqc_data'
[2019-04-11 13:08:13,911] multiqc                                            [DEBUG  ]  Moving data file from '/var/folders/rg/4_yk2klj4nl5yysc2cwmjscw0000gn/T/tmpfdzfiaiv/multiqc_data/multiqc_samtools_flagstat.txt' to './Project/results/combined/Alignment QC/multiqc_data'
[2019-04-11 13:08:14,049] multiqc                                            [INFO   ]  MultiQC complete
