[2019-03-19 21:56:19,246] multiqc                                            [DEBUG  ]  No MultiQC config found: /anaconda2/lib/python2.7/site-packages/multiqc_config.yaml
[2019-03-19 21:56:19,246] multiqc                                            [DEBUG  ]  No MultiQC config found: /Users/tomer/.multiqc_config.yaml
[2019-03-19 21:56:19,246] multiqc                                            [DEBUG  ]  No MultiQC config found: multiqc_config.yaml
[2019-03-19 21:56:19,246] multiqc                                            [DEBUG  ]  Command used: /anaconda2/bin/multiqc .
[2019-03-19 21:56:19,964] multiqc                                            [DEBUG  ]  Latest MultiQC version is v1.7
[2019-03-19 21:56:19,964] multiqc                                            [INFO   ]  This is MultiQC v1.7
[2019-03-19 21:56:19,965] multiqc                                            [DEBUG  ]  Command     : /anaconda2/bin/multiqc .
[2019-03-19 21:56:19,965] multiqc                                            [DEBUG  ]  Working dir : /Users/tomer/Google Drive/PhD/Courses/Analysis of Next Generation Sequencing Data/Project/results/Combined/Alignment QC
[2019-03-19 21:56:19,965] multiqc                                            [INFO   ]  Template    : default
[2019-03-19 21:56:19,965] multiqc                                            [INFO   ]  Searching '.'
[2019-03-19 21:56:19,966] multiqc                                            [DEBUG  ]  Analysing modules: custom_content, conpair, peddy, methylQA, phantompeakqualtools, qualimap, preseq, quast, qorts, rna_seqc, rsem, rseqc, busco, goleft_indexcov, disambiguate, supernova, deeptools, sargasso, verifybamid, mirtrace, happy, homer, macs2, theta2, snpeff, gatk, htseq, bcftools, featureCounts, dedup, damageprofiler, picard, prokka, samblaster, samtools, bamtools, jellyfish, vcftools, longranger, stacks, bbmap, bismark, biscuit, hicexplorer, hicup, hicpro, salmon, kallisto, slamdunk, star, hisat2, tophat, bowtie2, bowtie1, kat, leehom, adapterRemoval, clipandmerge, cutadapt, flexbar, trimmomatic, skewer, sortmerna, biobloomtools, fastq_screen, afterqc, fastp, fastqc, minionqc, clusterflow, bcl2fastq, interop, flash
[2019-03-19 21:56:19,966] multiqc                                            [DEBUG  ]  Using temporary directory for creating report: /var/folders/rg/4_yk2klj4nl5yysc2cwmjscw0000gn/T/tmpnFTTiY
[2019-03-19 21:56:20,083] multiqc                                            [DEBUG  ]  Ignoring file as matched an ignore pattern: SRR807971_2.Aligned.sortedByCoord.out_bamqc.html
[2019-03-19 21:56:20,286] multiqc                                            [DEBUG  ]  Ignoring file as matched an ignore pattern: .DS_Store
[2019-03-19 21:56:20,521] multiqc                                            [DEBUG  ]  Ignoring file as matched an ignore pattern: SRR659649_1.Aligned.sortedByCoord.out_bamqc.html
[2019-03-19 21:56:20,913] multiqc                                            [DEBUG  ]  Ignoring file as matched an ignore pattern: SRR659649_2.Aligned.sortedByCoord.out_bamqc.html
[2019-03-19 21:56:21,094] multiqc                                            [DEBUG  ]  Ignoring file as matched an ignore pattern: SRR807971_1.Aligned.sortedByCoord.out_bamqc.html
[2019-03-19 21:56:21,363] multiqc                                            [DEBUG  ]  No samples found: custom_content
[2019-03-19 21:56:21,367] multiqc                                            [DEBUG  ]  No samples found: conpair
[2019-03-19 21:56:21,371] multiqc                                            [DEBUG  ]  No samples found: peddy
[2019-03-19 21:56:21,375] multiqc                                            [DEBUG  ]  No samples found: methylQA
[2019-03-19 21:56:21,380] multiqc                                            [DEBUG  ]  No samples found: phantompeakqualtools
[2019-03-19 21:56:21,384] multiqc                                            [DEBUG  ]  No samples found: qualimap
[2019-03-19 21:56:21,388] multiqc                                            [DEBUG  ]  No samples found: preseq
[2019-03-19 21:56:21,392] multiqc                                            [DEBUG  ]  No samples found: quast
[2019-03-19 21:56:21,396] multiqc                                            [DEBUG  ]  No samples found: qorts
[2019-03-19 21:56:21,400] multiqc                                            [DEBUG  ]  No samples found: rna_seqc
[2019-03-19 21:56:21,404] multiqc                                            [DEBUG  ]  No samples found: rsem
[2019-03-19 21:56:21,409] multiqc                                            [DEBUG  ]  No samples found: rseqc
[2019-03-19 21:56:21,413] multiqc                                            [DEBUG  ]  No samples found: busco
[2019-03-19 21:56:21,417] multiqc                                            [DEBUG  ]  No samples found: goleft_indexcov
[2019-03-19 21:56:21,422] multiqc                                            [DEBUG  ]  No samples found: disambiguate
[2019-03-19 21:56:21,426] multiqc                                            [DEBUG  ]  No samples found: supernova
[2019-03-19 21:56:21,456] multiqc                                            [DEBUG  ]  No samples found: deeptools
[2019-03-19 21:56:21,462] multiqc                                            [DEBUG  ]  No samples found: sargasso
[2019-03-19 21:56:21,467] multiqc                                            [DEBUG  ]  No samples found: verifybamid
[2019-03-19 21:56:21,472] multiqc                                            [DEBUG  ]  No samples found: mirtrace
[2019-03-19 21:56:21,476] multiqc                                            [DEBUG  ]  No samples found: happy
[2019-03-19 21:56:21,481] multiqc                                            [DEBUG  ]  No samples found: homer
[2019-03-19 21:56:21,485] multiqc                                            [DEBUG  ]  No samples found: macs2
[2019-03-19 21:56:21,489] multiqc                                            [DEBUG  ]  No samples found: theta2
[2019-03-19 21:56:21,493] multiqc                                            [DEBUG  ]  No samples found: snpeff
[2019-03-19 21:56:21,497] multiqc                                            [DEBUG  ]  No samples found: gatk
[2019-03-19 21:56:21,501] multiqc                                            [DEBUG  ]  No samples found: htseq
[2019-03-19 21:56:21,505] multiqc                                            [DEBUG  ]  No samples found: bcftools
[2019-03-19 21:56:21,509] multiqc                                            [DEBUG  ]  No samples found: featureCounts
[2019-03-19 21:56:21,513] multiqc                                            [DEBUG  ]  No samples found: dedup
[2019-03-19 21:56:21,517] multiqc                                            [DEBUG  ]  No samples found: damageprofiler
[2019-03-19 21:56:21,524] multiqc                                            [DEBUG  ]  No samples found: picard
[2019-03-19 21:56:21,527] multiqc                                            [DEBUG  ]  No samples found: prokka
[2019-03-19 21:56:21,532] multiqc                                            [DEBUG  ]  No samples found: samblaster
[2019-03-19 21:56:21,564] multiqc.modules.samtools.samtools                  [INFO   ]  Found 4 stats reports
[2019-03-19 21:56:21,572] multiqc.modules.samtools.samtools                  [INFO   ]  Found 4 flagstat reports
[2019-03-19 21:56:21,576] multiqc                                            [DEBUG  ]  No samples found: bamtools
[2019-03-19 21:56:21,580] multiqc                                            [DEBUG  ]  No samples found: jellyfish
[2019-03-19 21:56:21,585] multiqc                                            [DEBUG  ]  No samples found: vcftools
[2019-03-19 21:56:21,589] multiqc                                            [DEBUG  ]  No samples found: longranger
[2019-03-19 21:56:21,593] multiqc                                            [DEBUG  ]  No samples found: stacks
[2019-03-19 21:56:21,599] multiqc                                            [DEBUG  ]  No samples found: bbmap
[2019-03-19 21:56:21,604] multiqc                                            [DEBUG  ]  No samples found: bismark
[2019-03-19 21:56:21,608] multiqc                                            [DEBUG  ]  No samples found: biscuit
[2019-03-19 21:56:21,612] multiqc                                            [DEBUG  ]  No samples found: hicexplorer
[2019-03-19 21:56:21,616] multiqc                                            [DEBUG  ]  No samples found: hicup
[2019-03-19 21:56:21,621] multiqc                                            [DEBUG  ]  No samples found: hicpro
[2019-03-19 21:56:21,625] multiqc                                            [DEBUG  ]  No samples found: salmon
[2019-03-19 21:56:21,629] multiqc                                            [DEBUG  ]  No samples found: kallisto
[2019-03-19 21:56:21,634] multiqc                                            [DEBUG  ]  No samples found: slamdunk
[2019-03-19 21:56:21,637] multiqc                                            [DEBUG  ]  No samples found: star
[2019-03-19 21:56:21,642] multiqc                                            [DEBUG  ]  No samples found: hisat2
[2019-03-19 21:56:21,645] multiqc                                            [DEBUG  ]  No samples found: tophat
[2019-03-19 21:56:21,649] multiqc                                            [DEBUG  ]  No samples found: bowtie2
[2019-03-19 21:56:21,653] multiqc                                            [DEBUG  ]  No samples found: bowtie1
[2019-03-19 21:56:21,657] multiqc                                            [DEBUG  ]  No samples found: kat
[2019-03-19 21:56:21,661] multiqc                                            [DEBUG  ]  No samples found: leehom
[2019-03-19 21:56:21,665] multiqc                                            [DEBUG  ]  No samples found: adapterRemoval
[2019-03-19 21:56:21,669] multiqc                                            [DEBUG  ]  No samples found: clipandmerge
[2019-03-19 21:56:21,673] multiqc                                            [DEBUG  ]  No samples found: cutadapt
[2019-03-19 21:56:21,677] multiqc                                            [DEBUG  ]  No samples found: flexbar
[2019-03-19 21:56:21,681] multiqc                                            [DEBUG  ]  No samples found: trimmomatic
[2019-03-19 21:56:21,685] multiqc                                            [DEBUG  ]  No samples found: skewer
[2019-03-19 21:56:21,688] multiqc                                            [DEBUG  ]  No samples found: sortmerna
[2019-03-19 21:56:21,692] multiqc                                            [DEBUG  ]  No samples found: biobloomtools
[2019-03-19 21:56:21,696] multiqc                                            [DEBUG  ]  No samples found: fastq_screen
[2019-03-19 21:56:21,700] multiqc                                            [DEBUG  ]  No samples found: afterqc
[2019-03-19 21:56:21,705] multiqc                                            [DEBUG  ]  No samples found: fastp
[2019-03-19 21:56:21,709] multiqc                                            [DEBUG  ]  No samples found: fastqc
[2019-03-19 21:56:21,712] multiqc                                            [DEBUG  ]  No samples found: minionqc
[2019-03-19 21:56:21,716] multiqc                                            [DEBUG  ]  No samples found: clusterflow
[2019-03-19 21:56:21,720] multiqc                                            [DEBUG  ]  No samples found: bcl2fastq
[2019-03-19 21:56:21,725] multiqc                                            [DEBUG  ]  No samples found: interop
[2019-03-19 21:56:21,729] multiqc                                            [DEBUG  ]  No samples found: flash
[2019-03-19 21:56:21,740] multiqc                                            [INFO   ]  Compressing plot data
[2019-03-19 21:56:21,791] multiqc                                            [INFO   ]  Report      : multiqc_report.html
[2019-03-19 21:56:21,791] multiqc                                            [INFO   ]  Data        : multiqc_data
[2019-03-19 21:56:21,791] multiqc                                            [DEBUG  ]  Moving data file from '/var/folders/rg/4_yk2klj4nl5yysc2cwmjscw0000gn/T/tmpnFTTiY/multiqc_data/multiqc_general_stats.txt' to '/Users/tomer/Google Drive/PhD/Courses/Analysis of Next Generation Sequencing Data/Project/results/Combined/Alignment QC/multiqc_data'
[2019-03-19 21:56:21,791] multiqc                                            [DEBUG  ]  Moving data file from '/var/folders/rg/4_yk2klj4nl5yysc2cwmjscw0000gn/T/tmpnFTTiY/multiqc_data/multiqc_sources.txt' to '/Users/tomer/Google Drive/PhD/Courses/Analysis of Next Generation Sequencing Data/Project/results/Combined/Alignment QC/multiqc_data'
[2019-03-19 21:56:21,791] multiqc                                            [DEBUG  ]  Moving data file from '/var/folders/rg/4_yk2klj4nl5yysc2cwmjscw0000gn/T/tmpnFTTiY/multiqc_data/multiqc_samtools_stats.txt' to '/Users/tomer/Google Drive/PhD/Courses/Analysis of Next Generation Sequencing Data/Project/results/Combined/Alignment QC/multiqc_data'
[2019-03-19 21:56:21,792] multiqc                                            [DEBUG  ]  Moving data file from '/var/folders/rg/4_yk2klj4nl5yysc2cwmjscw0000gn/T/tmpnFTTiY/multiqc_data/multiqc_data.json' to '/Users/tomer/Google Drive/PhD/Courses/Analysis of Next Generation Sequencing Data/Project/results/Combined/Alignment QC/multiqc_data'
[2019-03-19 21:56:21,792] multiqc                                            [DEBUG  ]  Moving data file from '/var/folders/rg/4_yk2klj4nl5yysc2cwmjscw0000gn/T/tmpnFTTiY/multiqc_data/multiqc_samtools_flagstat.txt' to '/Users/tomer/Google Drive/PhD/Courses/Analysis of Next Generation Sequencing Data/Project/results/Combined/Alignment QC/multiqc_data'
[2019-03-19 21:56:21,967] multiqc                                            [INFO   ]  MultiQC complete
