[2019-04-08 12:18:53,236] multiqc                                            [DEBUG  ]  No MultiQC config found: /anaconda2/lib/python3.7/site-packages/multiqc_config.yaml
[2019-04-08 12:18:53,236] multiqc                                            [DEBUG  ]  No MultiQC config found: /Users/tomer/.multiqc_config.yaml
[2019-04-08 12:18:53,236] multiqc                                            [DEBUG  ]  No MultiQC config found: multiqc_config.yaml
[2019-04-08 12:18:53,236] multiqc                                            [DEBUG  ]  Command used: /anaconda2/bin/multiqc ./Project/results/bladder/SRR1085402/fastqc_trimmed/SRR1085402_1_val_1_fastqc ./Project/results/bladder/SRR1085402/fastqc_trimmed/SRR1085402_1_val_1_fastqc.html ./Project/results/bladder/SRR1085402/fastqc_trimmed/SRR1085402_2_val_2_fastqc ./Project/results/bladder/SRR1085402/fastqc_trimmed/SRR1085402_2_val_2_fastqc.html ./Project/results/brain/SRR595926/fastqc_trimmed/SRR595926_1_val_1_fastqc ./Project/results/brain/SRR595926/fastqc_trimmed/SRR595926_1_val_1_fastqc.html ./Project/results/brain/SRR595926/fastqc_trimmed/SRR595926_2_val_2_fastqc ./Project/results/brain/SRR595926/fastqc_trimmed/SRR595926_2_val_2_fastqc.html ./Project/results/liver/SRR807971/fastqc_trimmed/SRR807971_1_val_1_fastqc ./Project/results/liver/SRR807971/fastqc_trimmed/SRR807971_1_val_1_fastqc.html ./Project/results/liver/SRR807971/fastqc_trimmed/SRR807971_2_val_2_fastqc ./Project/results/liver/SRR807971/fastqc_trimmed/SRR807971_2_val_2_fastqc.html ./Project/results/lung/SRR600584/fastqc_trimmed/SRR600584_1_val_1_fastqc ./Project/results/lung/SRR600584/fastqc_trimmed/SRR600584_1_val_1_fastqc.html ./Project/results/lung/SRR600584/fastqc_trimmed/SRR600584_2_val_2_fastqc ./Project/results/lung/SRR600584/fastqc_trimmed/SRR600584_2_val_2_fastqc.html -o ./Project/results/combined/FastQC - Trimmed/
[2019-04-08 12:18:54,203] multiqc                                            [DEBUG  ]  Latest MultiQC version is v1.7
[2019-04-08 12:18:54,203] multiqc                                            [INFO   ]  This is MultiQC v1.7
[2019-04-08 12:18:54,203] multiqc                                            [DEBUG  ]  Command     : /anaconda2/bin/multiqc ./Project/results/bladder/SRR1085402/fastqc_trimmed/SRR1085402_1_val_1_fastqc ./Project/results/bladder/SRR1085402/fastqc_trimmed/SRR1085402_1_val_1_fastqc.html ./Project/results/bladder/SRR1085402/fastqc_trimmed/SRR1085402_2_val_2_fastqc ./Project/results/bladder/SRR1085402/fastqc_trimmed/SRR1085402_2_val_2_fastqc.html ./Project/results/brain/SRR595926/fastqc_trimmed/SRR595926_1_val_1_fastqc ./Project/results/brain/SRR595926/fastqc_trimmed/SRR595926_1_val_1_fastqc.html ./Project/results/brain/SRR595926/fastqc_trimmed/SRR595926_2_val_2_fastqc ./Project/results/brain/SRR595926/fastqc_trimmed/SRR595926_2_val_2_fastqc.html ./Project/results/liver/SRR807971/fastqc_trimmed/SRR807971_1_val_1_fastqc ./Project/results/liver/SRR807971/fastqc_trimmed/SRR807971_1_val_1_fastqc.html ./Project/results/liver/SRR807971/fastqc_trimmed/SRR807971_2_val_2_fastqc ./Project/results/liver/SRR807971/fastqc_trimmed/SRR807971_2_val_2_fastqc.html ./Project/results/lung/SRR600584/fastqc_trimmed/SRR600584_1_val_1_fastqc ./Project/results/lung/SRR600584/fastqc_trimmed/SRR600584_1_val_1_fastqc.html ./Project/results/lung/SRR600584/fastqc_trimmed/SRR600584_2_val_2_fastqc ./Project/results/lung/SRR600584/fastqc_trimmed/SRR600584_2_val_2_fastqc.html -o ./Project/results/combined/FastQC - Trimmed/
[2019-04-08 12:18:54,203] multiqc                                            [DEBUG  ]  Working dir : /Users/tomer/Google Drive/PhD/Courses/Analysis of Next Generation Sequencing Data
[2019-04-08 12:18:54,203] multiqc                                            [INFO   ]  Template    : default
[2019-04-08 12:18:54,203] multiqc                                            [INFO   ]  Searching './Project/results/bladder/SRR1085402/fastqc_trimmed/SRR1085402_1_val_1_fastqc'
[2019-04-08 12:18:54,203] multiqc                                            [INFO   ]  Searching './Project/results/bladder/SRR1085402/fastqc_trimmed/SRR1085402_1_val_1_fastqc.html'
[2019-04-08 12:18:54,204] multiqc                                            [INFO   ]  Searching './Project/results/bladder/SRR1085402/fastqc_trimmed/SRR1085402_2_val_2_fastqc'
[2019-04-08 12:18:54,204] multiqc                                            [INFO   ]  Searching './Project/results/bladder/SRR1085402/fastqc_trimmed/SRR1085402_2_val_2_fastqc.html'
[2019-04-08 12:18:54,204] multiqc                                            [INFO   ]  Searching './Project/results/brain/SRR595926/fastqc_trimmed/SRR595926_1_val_1_fastqc'
[2019-04-08 12:18:54,204] multiqc                                            [INFO   ]  Searching './Project/results/brain/SRR595926/fastqc_trimmed/SRR595926_1_val_1_fastqc.html'
[2019-04-08 12:18:54,204] multiqc                                            [INFO   ]  Searching './Project/results/brain/SRR595926/fastqc_trimmed/SRR595926_2_val_2_fastqc'
[2019-04-08 12:18:54,204] multiqc                                            [INFO   ]  Searching './Project/results/brain/SRR595926/fastqc_trimmed/SRR595926_2_val_2_fastqc.html'
[2019-04-08 12:18:54,204] multiqc                                            [INFO   ]  Searching './Project/results/liver/SRR807971/fastqc_trimmed/SRR807971_1_val_1_fastqc'
[2019-04-08 12:18:54,204] multiqc                                            [INFO   ]  Searching './Project/results/liver/SRR807971/fastqc_trimmed/SRR807971_1_val_1_fastqc.html'
[2019-04-08 12:18:54,204] multiqc                                            [INFO   ]  Searching './Project/results/liver/SRR807971/fastqc_trimmed/SRR807971_2_val_2_fastqc'
[2019-04-08 12:18:54,204] multiqc                                            [INFO   ]  Searching './Project/results/liver/SRR807971/fastqc_trimmed/SRR807971_2_val_2_fastqc.html'
[2019-04-08 12:18:54,204] multiqc                                            [INFO   ]  Searching './Project/results/lung/SRR600584/fastqc_trimmed/SRR600584_1_val_1_fastqc'
[2019-04-08 12:18:54,204] multiqc                                            [INFO   ]  Searching './Project/results/lung/SRR600584/fastqc_trimmed/SRR600584_1_val_1_fastqc.html'
[2019-04-08 12:18:54,205] multiqc                                            [INFO   ]  Searching './Project/results/lung/SRR600584/fastqc_trimmed/SRR600584_2_val_2_fastqc'
[2019-04-08 12:18:54,205] multiqc                                            [INFO   ]  Searching './Project/results/lung/SRR600584/fastqc_trimmed/SRR600584_2_val_2_fastqc.html'
[2019-04-08 12:18:54,205] multiqc                                            [DEBUG  ]  Analysing modules: custom_content, conpair, peddy, methylQA, phantompeakqualtools, qualimap, preseq, quast, qorts, rna_seqc, rsem, rseqc, busco, goleft_indexcov, disambiguate, supernova, deeptools, sargasso, verifybamid, mirtrace, happy, homer, macs2, theta2, snpeff, gatk, htseq, bcftools, featureCounts, dedup, damageprofiler, picard, prokka, samblaster, samtools, bamtools, jellyfish, vcftools, longranger, stacks, bbmap, bismark, biscuit, hicexplorer, hicup, hicpro, salmon, kallisto, slamdunk, star, hisat2, tophat, bowtie2, bowtie1, kat, leehom, adapterRemoval, clipandmerge, cutadapt, flexbar, trimmomatic, skewer, sortmerna, biobloomtools, fastq_screen, afterqc, fastp, fastqc, minionqc, clusterflow, bcl2fastq, interop, flash
[2019-04-08 12:18:54,205] multiqc                                            [DEBUG  ]  Using temporary directory for creating report: /var/folders/rg/4_yk2klj4nl5yysc2cwmjscw0000gn/T/tmpd8506zlm
[2019-04-08 12:18:54,290] multiqc                                            [DEBUG  ]  Ignoring file as matched an ignore pattern: fastqc_report.html
[2019-04-08 12:18:54,332] multiqc                                            [DEBUG  ]  Ignoring file as matched an ignore pattern: SRR1085402_1_val_1_fastqc.html
[2019-04-08 12:18:54,332] multiqc                                            [DEBUG  ]  Ignoring file as matched an ignore pattern: fastqc_report.html
[2019-04-08 12:18:54,361] multiqc                                            [DEBUG  ]  Ignoring file as matched an ignore pattern: SRR1085402_2_val_2_fastqc.html
[2019-04-08 12:18:54,362] multiqc                                            [DEBUG  ]  Ignoring file as matched an ignore pattern: fastqc_report.html
[2019-04-08 12:18:54,390] multiqc                                            [DEBUG  ]  Ignoring file as matched an ignore pattern: SRR595926_1_val_1_fastqc.html
[2019-04-08 12:18:54,390] multiqc                                            [DEBUG  ]  Ignoring file as matched an ignore pattern: fastqc_report.html
[2019-04-08 12:18:54,419] multiqc                                            [DEBUG  ]  Ignoring file as matched an ignore pattern: SRR595926_2_val_2_fastqc.html
[2019-04-08 12:18:54,420] multiqc                                            [DEBUG  ]  Ignoring file as matched an ignore pattern: fastqc_report.html
[2019-04-08 12:18:54,448] multiqc                                            [DEBUG  ]  Ignoring file as matched an ignore pattern: SRR807971_1_val_1_fastqc.html
[2019-04-08 12:18:54,449] multiqc                                            [DEBUG  ]  Ignoring file as matched an ignore pattern: fastqc_report.html
[2019-04-08 12:18:54,478] multiqc                                            [DEBUG  ]  Ignoring file as matched an ignore pattern: SRR807971_2_val_2_fastqc.html
[2019-04-08 12:18:54,478] multiqc                                            [DEBUG  ]  Ignoring file as matched an ignore pattern: fastqc_report.html
[2019-04-08 12:18:54,507] multiqc                                            [DEBUG  ]  Ignoring file as matched an ignore pattern: SRR600584_1_val_1_fastqc.html
[2019-04-08 12:18:54,507] multiqc                                            [DEBUG  ]  Ignoring file as matched an ignore pattern: fastqc_report.html
[2019-04-08 12:18:54,537] multiqc                                            [DEBUG  ]  Ignoring file as matched an ignore pattern: SRR600584_2_val_2_fastqc.html
[2019-04-08 12:18:54,964] multiqc                                            [DEBUG  ]  No samples found: custom_content
[2019-04-08 12:18:54,969] multiqc                                            [DEBUG  ]  No samples found: conpair
[2019-04-08 12:18:54,974] multiqc                                            [DEBUG  ]  No samples found: peddy
[2019-04-08 12:18:54,979] multiqc                                            [DEBUG  ]  No samples found: methylQA
[2019-04-08 12:18:54,983] multiqc                                            [DEBUG  ]  No samples found: phantompeakqualtools
[2019-04-08 12:18:54,989] multiqc                                            [DEBUG  ]  No samples found: qualimap
[2019-04-08 12:18:54,994] multiqc                                            [DEBUG  ]  No samples found: preseq
[2019-04-08 12:18:54,998] multiqc                                            [DEBUG  ]  No samples found: quast
[2019-04-08 12:18:55,004] multiqc                                            [DEBUG  ]  No samples found: qorts
[2019-04-08 12:18:55,010] multiqc                                            [DEBUG  ]  No samples found: rna_seqc
[2019-04-08 12:18:55,015] multiqc                                            [DEBUG  ]  No samples found: rsem
[2019-04-08 12:18:55,028] multiqc                                            [DEBUG  ]  No samples found: rseqc
[2019-04-08 12:18:55,033] multiqc                                            [DEBUG  ]  No samples found: busco
[2019-04-08 12:18:55,037] multiqc                                            [DEBUG  ]  No samples found: goleft_indexcov
[2019-04-08 12:18:55,040] multiqc                                            [DEBUG  ]  No samples found: disambiguate
[2019-04-08 12:18:55,044] multiqc                                            [DEBUG  ]  No samples found: supernova
[2019-04-08 12:18:55,058] multiqc                                            [DEBUG  ]  No samples found: deeptools
[2019-04-08 12:18:55,062] multiqc                                            [DEBUG  ]  No samples found: sargasso
[2019-04-08 12:18:55,066] multiqc                                            [DEBUG  ]  No samples found: verifybamid
[2019-04-08 12:18:55,069] multiqc                                            [DEBUG  ]  No samples found: mirtrace
[2019-04-08 12:18:55,073] multiqc                                            [DEBUG  ]  No samples found: happy
[2019-04-08 12:18:55,079] multiqc                                            [DEBUG  ]  No samples found: homer
[2019-04-08 12:18:55,083] multiqc                                            [DEBUG  ]  No samples found: macs2
[2019-04-08 12:18:55,086] multiqc                                            [DEBUG  ]  No samples found: theta2
[2019-04-08 12:18:55,090] multiqc                                            [DEBUG  ]  No samples found: snpeff
[2019-04-08 12:18:55,096] multiqc                                            [DEBUG  ]  No samples found: gatk
[2019-04-08 12:18:55,099] multiqc                                            [DEBUG  ]  No samples found: htseq
[2019-04-08 12:18:55,104] multiqc                                            [DEBUG  ]  No samples found: bcftools
[2019-04-08 12:18:55,108] multiqc                                            [DEBUG  ]  No samples found: featureCounts
[2019-04-08 12:18:55,111] multiqc                                            [DEBUG  ]  No samples found: dedup
[2019-04-08 12:18:55,116] multiqc                                            [DEBUG  ]  No samples found: damageprofiler
[2019-04-08 12:18:55,132] multiqc                                            [DEBUG  ]  No samples found: picard
[2019-04-08 12:18:55,136] multiqc                                            [DEBUG  ]  No samples found: prokka
[2019-04-08 12:18:55,140] multiqc                                            [DEBUG  ]  No samples found: samblaster
[2019-04-08 12:18:55,148] multiqc                                            [DEBUG  ]  No samples found: samtools
[2019-04-08 12:18:55,153] multiqc                                            [DEBUG  ]  No samples found: bamtools
[2019-04-08 12:18:55,156] multiqc                                            [DEBUG  ]  No samples found: jellyfish
[2019-04-08 12:18:55,163] multiqc                                            [DEBUG  ]  No samples found: vcftools
[2019-04-08 12:18:55,167] multiqc                                            [DEBUG  ]  No samples found: longranger
[2019-04-08 12:18:55,171] multiqc                                            [DEBUG  ]  No samples found: stacks
[2019-04-08 12:18:55,186] multiqc                                            [DEBUG  ]  No samples found: bbmap
[2019-04-08 12:18:55,190] multiqc                                            [DEBUG  ]  No samples found: bismark
[2019-04-08 12:18:55,194] multiqc                                            [DEBUG  ]  No samples found: biscuit
[2019-04-08 12:18:55,198] multiqc                                            [DEBUG  ]  No samples found: hicexplorer
[2019-04-08 12:18:55,203] multiqc                                            [DEBUG  ]  No samples found: hicup
[2019-04-08 12:18:55,206] multiqc                                            [DEBUG  ]  No samples found: hicpro
[2019-04-08 12:18:55,210] multiqc                                            [DEBUG  ]  No samples found: salmon
[2019-04-08 12:18:55,214] multiqc                                            [DEBUG  ]  No samples found: kallisto
[2019-04-08 12:18:55,218] multiqc                                            [DEBUG  ]  No samples found: slamdunk
[2019-04-08 12:18:55,222] multiqc                                            [DEBUG  ]  No samples found: star
[2019-04-08 12:18:55,225] multiqc                                            [DEBUG  ]  No samples found: hisat2
[2019-04-08 12:18:55,229] multiqc                                            [DEBUG  ]  No samples found: tophat
[2019-04-08 12:18:55,234] multiqc                                            [DEBUG  ]  No samples found: bowtie2
[2019-04-08 12:18:55,238] multiqc                                            [DEBUG  ]  No samples found: bowtie1
[2019-04-08 12:18:55,242] multiqc                                            [DEBUG  ]  No samples found: kat
[2019-04-08 12:18:55,247] multiqc                                            [DEBUG  ]  No samples found: leehom
[2019-04-08 12:18:55,251] multiqc                                            [DEBUG  ]  No samples found: adapterRemoval
[2019-04-08 12:18:55,255] multiqc                                            [DEBUG  ]  No samples found: clipandmerge
[2019-04-08 12:18:55,259] multiqc                                            [DEBUG  ]  No samples found: cutadapt
[2019-04-08 12:18:55,262] multiqc                                            [DEBUG  ]  No samples found: flexbar
[2019-04-08 12:18:55,266] multiqc                                            [DEBUG  ]  No samples found: trimmomatic
[2019-04-08 12:18:55,269] multiqc                                            [DEBUG  ]  No samples found: skewer
[2019-04-08 12:18:55,273] multiqc                                            [DEBUG  ]  No samples found: sortmerna
[2019-04-08 12:18:55,276] multiqc                                            [DEBUG  ]  No samples found: biobloomtools
[2019-04-08 12:18:55,280] multiqc                                            [DEBUG  ]  No samples found: fastq_screen
[2019-04-08 12:18:55,283] multiqc                                            [DEBUG  ]  No samples found: afterqc
[2019-04-08 12:18:55,287] multiqc                                            [DEBUG  ]  No samples found: fastp
[2019-04-08 12:18:55,307] multiqc.modules.fastqc.fastqc                      [INFO   ]  Found 8 reports
[2019-04-08 12:18:55,473] multiqc                                            [DEBUG  ]  No samples found: minionqc
[2019-04-08 12:18:55,477] multiqc                                            [DEBUG  ]  No samples found: clusterflow
[2019-04-08 12:18:55,481] multiqc                                            [DEBUG  ]  No samples found: bcl2fastq
[2019-04-08 12:18:55,485] multiqc                                            [DEBUG  ]  No samples found: interop
[2019-04-08 12:18:55,489] multiqc                                            [DEBUG  ]  No samples found: flash
[2019-04-08 12:18:55,500] multiqc                                            [INFO   ]  Compressing plot data
[2019-04-08 12:18:55,620] multiqc                                            [INFO   ]  Report      : Project/results/combined/FastQC - Trimmed/multiqc_report.html
[2019-04-08 12:18:55,620] multiqc                                            [INFO   ]  Data        : Project/results/combined/FastQC - Trimmed/multiqc_data
[2019-04-08 12:18:55,621] multiqc                                            [DEBUG  ]  Moving data file from '/var/folders/rg/4_yk2klj4nl5yysc2cwmjscw0000gn/T/tmpd8506zlm/multiqc_data/multiqc_fastqc.txt' to './Project/results/combined/FastQC - Trimmed/multiqc_data'
[2019-04-08 12:18:55,621] multiqc                                            [DEBUG  ]  Moving data file from '/var/folders/rg/4_yk2klj4nl5yysc2cwmjscw0000gn/T/tmpd8506zlm/multiqc_data/multiqc_general_stats.txt' to './Project/results/combined/FastQC - Trimmed/multiqc_data'
[2019-04-08 12:18:55,621] multiqc                                            [DEBUG  ]  Moving data file from '/var/folders/rg/4_yk2klj4nl5yysc2cwmjscw0000gn/T/tmpd8506zlm/multiqc_data/multiqc_sources.txt' to './Project/results/combined/FastQC - Trimmed/multiqc_data'
[2019-04-08 12:18:55,621] multiqc                                            [DEBUG  ]  Moving data file from '/var/folders/rg/4_yk2klj4nl5yysc2cwmjscw0000gn/T/tmpd8506zlm/multiqc_data/multiqc_data.json' to './Project/results/combined/FastQC - Trimmed/multiqc_data'
[2019-04-08 12:18:55,745] multiqc                                            [INFO   ]  MultiQC complete
